TN:
SF:src/App.tsx
FN:1,(empty-report)
FNF:1
FNH:0
FNDA:0,(empty-report)
DA:1,0
DA:2,0
DA:3,0
DA:4,0
DA:5,0
DA:6,0
DA:7,0
DA:8,0
DA:9,0
DA:10,0
DA:11,0
DA:12,0
DA:13,0
DA:14,0
DA:15,0
DA:16,0
DA:17,0
DA:18,0
DA:19,0
DA:20,0
DA:21,0
DA:22,0
DA:23,0
DA:24,0
DA:26,0
DA:27,0
DA:29,0
DA:30,0
DA:31,0
DA:32,0
DA:33,0
DA:34,0
DA:35,0
DA:36,0
DA:37,0
DA:39,0
DA:40,0
DA:41,0
DA:42,0
DA:45,0
DA:46,0
DA:47,0
DA:50,0
DA:51,0
DA:52,0
DA:53,0
DA:55,0
DA:58,0
DA:59,0
DA:60,0
DA:61,0
DA:62,0
DA:63,0
DA:64,0
DA:66,0
DA:69,0
DA:70,0
DA:71,0
DA:72,0
DA:73,0
DA:74,0
DA:75,0
DA:76,0
DA:77,0
DA:78,0
DA:79,0
DA:80,0
DA:81,0
DA:82,0
DA:83,0
DA:84,0
DA:85,0
DA:86,0
DA:87,0
DA:88,0
DA:89,0
DA:90,0
DA:91,0
DA:93,0
DA:94,0
DA:95,0
DA:99,0
DA:100,0
DA:101,0
DA:102,0
DA:103,0
DA:104,0
DA:105,0
DA:106,0
DA:107,0
DA:108,0
DA:110,0
DA:112,0
DA:113,0
DA:114,0
DA:116,0
DA:117,0
DA:118,0
DA:119,0
DA:120,0
DA:123,0
DA:124,0
DA:125,0
DA:126,0
DA:127,0
DA:128,0
DA:129,0
DA:130,0
DA:131,0
DA:132,0
DA:137,0
DA:138,0
DA:141,0
DA:142,0
DA:146,0
DA:147,0
DA:148,0
DA:149,0
DA:150,0
DA:151,0
DA:156,0
DA:157,0
DA:159,0
DA:161,0
DA:162,0
DA:163,0
DA:165,0
DA:166,0
DA:167,0
DA:168,0
DA:169,0
DA:170,0
DA:171,0
DA:172,0
DA:173,0
DA:174,0
DA:175,0
DA:176,0
DA:177,0
DA:178,0
DA:179,0
DA:180,0
DA:181,0
DA:183,0
DA:184,0
DA:185,0
DA:186,0
DA:187,0
DA:188,0
DA:189,0
DA:190,0
DA:191,0
DA:192,0
DA:193,0
DA:194,0
DA:195,0
DA:197,0
DA:198,0
DA:199,0
DA:201,0
LF:160
LH:0
BRDA:1,0,0,0
BRF:1
BRH:0
end_of_record
TN:
SF:src/globals.d.ts
FN:1,(empty-report)
FNF:1
FNH:1
FNDA:1,(empty-report)
LF:0
LH:0
BRDA:1,0,0,1
BRF:1
BRH:1
end_of_record
TN:
SF:src/components/canvas/Canvas.tsx
FN:1,(empty-report)
FNF:1
FNH:0
FNDA:0,(empty-report)
DA:1,0
DA:2,0
DA:16,0
DA:17,0
DA:18,0
DA:19,0
DA:20,0
DA:21,0
DA:22,0
DA:31,0
DA:33,0
DA:36,0
DA:37,0
DA:38,0
DA:40,0
DA:41,0
DA:42,0
DA:43,0
DA:44,0
DA:48,0
DA:49,0
DA:50,0
DA:51,0
DA:52,0
DA:56,0
DA:59,0
DA:60,0
DA:61,0
DA:62,0
DA:63,0
DA:64,0
DA:65,0
DA:69,0
DA:70,0
DA:71,0
DA:72,0
DA:73,0
DA:74,0
DA:75,0
DA:76,0
DA:77,0
DA:80,0
DA:81,0
DA:82,0
DA:85,0
DA:86,0
DA:89,0
DA:90,0
DA:91,0
DA:92,0
DA:93,0
DA:95,0
DA:96,0
DA:99,0
DA:100,0
DA:101,0
DA:102,0
DA:103,0
DA:104,0
DA:105,0
DA:106,0
DA:107,0
DA:108,0
DA:109,0
DA:110,0
DA:113,0
DA:114,0
DA:115,0
DA:116,0
DA:117,0
DA:118,0
DA:119,0
DA:120,0
DA:124,0
DA:125,0
DA:126,0
DA:127,0
DA:128,0
DA:129,0
DA:132,0
DA:133,0
DA:134,0
DA:135,0
DA:136,0
DA:137,0
DA:138,0
DA:139,0
DA:140,0
DA:141,0
DA:142,0
DA:143,0
DA:144,0
DA:145,0
DA:149,0
DA:150,0
DA:151,0
DA:152,0
DA:153,0
DA:154,0
DA:155,0
DA:156,0
DA:157,0
DA:158,0
DA:159,0
DA:160,0
DA:161,0
DA:164,0
DA:165,0
DA:166,0
DA:167,0
DA:168,0
DA:169,0
DA:170,0
DA:171,0
DA:172,0
DA:173,0
DA:175,0
DA:177,0
DA:178,0
DA:180,0
DA:181,0
DA:182,0
DA:184,0
DA:185,0
DA:186,0
DA:188,0
DA:189,0
DA:190,0
DA:191,0
DA:192,0
DA:193,0
DA:194,0
DA:195,0
DA:196,0
DA:197,0
DA:198,0
DA:199,0
DA:200,0
DA:204,0
DA:205,0
DA:206,0
DA:208,0
DA:209,0
DA:212,0
DA:213,0
DA:214,0
DA:215,0
DA:216,0
DA:217,0
DA:218,0
DA:221,0
DA:222,0
DA:223,0
DA:224,0
DA:225,0
DA:226,0
DA:227,0
DA:228,0
DA:229,0
DA:230,0
DA:231,0
DA:233,0
DA:234,0
DA:235,0
DA:236,0
DA:237,0
DA:239,0
DA:241,0
DA:242,0
DA:243,0
DA:244,0
DA:246,0
DA:247,0
DA:248,0
DA:249,0
DA:250,0
DA:251,0
DA:252,0
DA:253,0
DA:254,0
DA:255,0
DA:256,0
DA:257,0
DA:258,0
DA:261,0
DA:262,0
DA:263,0
DA:264,0
DA:265,0
DA:266,0
DA:270,0
DA:273,0
DA:274,0
DA:275,0
DA:276,0
DA:277,0
DA:278,0
DA:279,0
DA:280,0
DA:281,0
DA:282,0
DA:283,0
DA:285,0
DA:286,0
DA:287,0
DA:288,0
DA:289,0
DA:290,0
DA:291,0
DA:293,0
DA:294,0
DA:295,0
DA:296,0
DA:297,0
DA:298,0
DA:299,0
DA:300,0
DA:301,0
DA:302,0
DA:303,0
DA:304,0
DA:305,0
DA:306,0
DA:307,0
DA:308,0
DA:309,0
DA:310,0
DA:311,0
DA:312,0
DA:313,0
DA:314,0
DA:316,0
DA:317,0
DA:318,0
DA:319,0
DA:320,0
DA:321,0
DA:322,0
DA:323,0
DA:324,0
DA:326,0
DA:327,0
DA:328,0
DA:329,0
DA:330,0
DA:331,0
DA:332,0
DA:333,0
DA:334,0
DA:335,0
DA:336,0
DA:337,0
DA:338,0
DA:339,0
DA:340,0
DA:341,0
DA:342,0
DA:343,0
DA:344,0
DA:345,0
DA:346,0
DA:347,0
DA:349,0
DA:350,0
DA:354,0
DA:361,0
DA:362,0
DA:363,0
DA:364,0
DA:366,0
DA:367,0
DA:368,0
DA:369,0
DA:370,0
DA:371,0
DA:372,0
DA:373,0
DA:375,0
DA:376,0
DA:377,0
DA:378,0
DA:379,0
DA:380,0
DA:381,0
DA:382,0
DA:385,0
DA:386,0
DA:388,0
DA:401,0
DA:402,0
DA:403,0
DA:404,0
DA:405,0
DA:407,0
DA:408,0
DA:409,0
DA:410,0
DA:411,0
DA:412,0
DA:415,0
DA:416,0
DA:418,0
DA:419,0
DA:424,0
DA:425,0
DA:426,0
DA:427,0
DA:428,0
DA:429,0
DA:430,0
DA:431,0
DA:432,0
DA:433,0
DA:436,0
DA:437,0
DA:439,0
DA:440,0
DA:443,0
DA:444,0
DA:445,0
DA:446,0
DA:447,0
DA:448,0
DA:449,0
DA:450,0
DA:451,0
DA:453,0
DA:454,0
DA:455,0
DA:456,0
DA:457,0
DA:458,0
DA:459,0
DA:466,0
DA:467,0
DA:468,0
DA:469,0
DA:470,0
DA:471,0
DA:472,0
DA:473,0
DA:475,0
DA:476,0
DA:477,0
DA:478,0
DA:480,0
DA:481,0
DA:482,0
DA:484,0
DA:485,0
DA:486,0
DA:487,0
DA:488,0
DA:489,0
DA:490,0
DA:491,0
DA:492,0
DA:493,0
DA:494,0
DA:496,0
DA:497,0
DA:500,0
DA:501,0
DA:502,0
DA:503,0
DA:504,0
DA:505,0
DA:506,0
DA:507,0
DA:508,0
DA:509,0
DA:510,0
DA:511,0
DA:512,0
DA:513,0
DA:514,0
DA:515,0
DA:516,0
DA:517,0
DA:518,0
DA:519,0
DA:520,0
DA:521,0
DA:522,0
DA:524,0
DA:525,0
DA:526,0
DA:527,0
DA:528,0
DA:529,0
DA:530,0
DA:531,0
DA:532,0
DA:533,0
DA:535,0
DA:536,0
DA:537,0
DA:538,0
DA:539,0
DA:540,0
DA:541,0
DA:542,0
DA:547,0
DA:548,0
DA:549,0
DA:550,0
DA:551,0
DA:552,0
DA:553,0
DA:554,0
DA:555,0
DA:556,0
DA:557,0
DA:558,0
DA:559,0
DA:560,0
DA:561,0
DA:562,0
DA:563,0
DA:564,0
DA:565,0
DA:566,0
DA:567,0
DA:568,0
DA:569,0
DA:570,0
DA:576,0
DA:577,0
DA:578,0
DA:582,0
DA:583,0
DA:584,0
DA:585,0
DA:586,0
DA:587,0
DA:588,0
DA:589,0
DA:590,0
DA:591,0
DA:592,0
DA:593,0
DA:594,0
DA:595,0
DA:596,0
DA:597,0
DA:598,0
DA:600,0
DA:605,0
DA:606,0
DA:607,0
DA:609,0
DA:610,0
DA:611,0
DA:612,0
DA:613,0
DA:614,0
DA:615,0
DA:616,0
DA:617,0
DA:618,0
DA:619,0
DA:620,0
DA:621,0
DA:622,0
DA:624,0
DA:625,0
DA:626,0
DA:629,0
DA:630,0
DA:633,0
DA:634,0
DA:635,0
DA:636,0
DA:637,0
DA:638,0
DA:639,0
DA:640,0
DA:641,0
DA:646,0
DA:647,0
DA:648,0
DA:649,0
DA:650,0
DA:651,0
DA:652,0
DA:653,0
DA:654,0
DA:657,0
DA:658,0
DA:659,0
DA:660,0
DA:663,0
DA:665,0
DA:666,0
DA:676,0
DA:677,0
DA:678,0
DA:679,0
DA:680,0
DA:681,0
DA:682,0
DA:683,0
DA:684,0
DA:685,0
DA:686,0
DA:687,0
DA:689,0
DA:690,0
DA:691,0
DA:696,0
DA:700,0
DA:702,0
DA:703,0
DA:704,0
DA:705,0
DA:718,0
DA:719,0
DA:720,0
DA:721,0
DA:722,0
DA:723,0
DA:724,0
DA:725,0
DA:726,0
DA:727,0
DA:728,0
DA:729,0
DA:730,0
DA:731,0
DA:732,0
DA:733,0
DA:734,0
DA:735,0
DA:736,0
DA:737,0
DA:738,0
DA:739,0
DA:740,0
DA:741,0
DA:742,0
DA:743,0
DA:744,0
DA:745,0
DA:746,0
DA:747,0
DA:748,0
DA:750,0
DA:754,0
DA:755,0
DA:756,0
DA:758,0
DA:759,0
DA:760,0
DA:761,0
DA:767,0
DA:768,0
DA:771,0
DA:772,0
DA:773,0
DA:774,0
DA:779,0
DA:780,0
DA:781,0
DA:782,0
DA:783,0
DA:784,0
DA:785,0
DA:786,0
DA:787,0
DA:790,0
DA:791,0
DA:792,0
DA:793,0
DA:794,0
DA:795,0
DA:797,0
DA:799,0
DA:801,0
DA:802,0
DA:815,0
DA:816,0
DA:820,0
DA:821,0
DA:822,0
DA:823,0
DA:824,0
DA:825,0
DA:826,0
DA:827,0
DA:828,0
DA:829,0
DA:830,0
DA:831,0
DA:832,0
DA:833,0
DA:834,0
DA:836,0
DA:837,0
DA:838,0
DA:839,0
DA:840,0
DA:843,0
DA:844,0
DA:849,0
DA:850,0
DA:851,0
DA:857,0
DA:858,0
DA:859,0
DA:860,0
DA:861,0
DA:865,0
DA:866,0
DA:867,0
DA:868,0
DA:869,0
DA:870,0
DA:871,0
DA:872,0
DA:873,0
DA:875,0
DA:876,0
DA:877,0
DA:878,0
DA:879,0
DA:880,0
DA:881,0
DA:884,0
DA:885,0
DA:886,0
DA:889,0
DA:890,0
DA:891,0
DA:892,0
DA:893,0
DA:894,0
DA:895,0
DA:896,0
DA:897,0
DA:898,0
DA:899,0
DA:907,0
DA:908,0
DA:909,0
DA:910,0
DA:911,0
DA:912,0
DA:913,0
DA:914,0
DA:915,0
DA:916,0
DA:917,0
DA:918,0
DA:919,0
DA:920,0
DA:921,0
DA:922,0
DA:923,0
DA:924,0
DA:925,0
DA:926,0
DA:927,0
DA:928,0
DA:929,0
DA:931,0
DA:932,0
DA:933,0
DA:934,0
DA:935,0
DA:938,0
DA:939,0
DA:940,0
DA:941,0
DA:944,0
DA:945,0
DA:946,0
DA:947,0
DA:948,0
DA:950,0
DA:951,0
DA:952,0
DA:953,0
DA:954,0
DA:955,0
DA:956,0
DA:957,0
DA:958,0
DA:959,0
DA:960,0
DA:965,0
DA:966,0
DA:968,0
DA:969,0
DA:970,0
DA:971,0
DA:972,0
DA:973,0
DA:974,0
DA:975,0
DA:977,0
DA:978,0
DA:979,0
DA:980,0
DA:981,0
DA:982,0
DA:983,0
DA:985,0
DA:986,0
DA:988,0
DA:990,0
DA:991,0
DA:993,0
DA:994,0
DA:995,0
DA:996,0
DA:998,0
DA:999,0
DA:1000,0
DA:1001,0
DA:1002,0
DA:1004,0
DA:1005,0
DA:1006,0
DA:1007,0
DA:1008,0
DA:1009,0
DA:1010,0
DA:1011,0
DA:1012,0
DA:1015,0
DA:1016,0
DA:1017,0
DA:1020,0
DA:1021,0
DA:1023,0
DA:1024,0
DA:1025,0
DA:1026,0
DA:1027,0
DA:1028,0
DA:1030,0
DA:1031,0
DA:1032,0
DA:1033,0
DA:1035,0
DA:1036,0
DA:1037,0
DA:1040,0
DA:1041,0
DA:1042,0
DA:1043,0
DA:1044,0
DA:1046,0
DA:1047,0
DA:1049,0
DA:1050,0
DA:1052,0
DA:1053,0
DA:1054,0
DA:1055,0
DA:1057,0
DA:1058,0
DA:1059,0
DA:1060,0
DA:1061,0
DA:1062,0
DA:1063,0
DA:1064,0
DA:1065,0
DA:1066,0
DA:1067,0
DA:1068,0
DA:1070,0
DA:1071,0
DA:1072,0
DA:1073,0
DA:1074,0
DA:1075,0
DA:1079,0
DA:1080,0
DA:1081,0
DA:1082,0
DA:1084,0
DA:1085,0
DA:1086,0
DA:1089,0
DA:1090,0
DA:1091,0
DA:1092,0
DA:1093,0
DA:1094,0
DA:1095,0
DA:1096,0
DA:1097,0
DA:1098,0
DA:1099,0
DA:1100,0
DA:1101,0
DA:1103,0
DA:1104,0
DA:1105,0
DA:1106,0
DA:1113,0
DA:1114,0
DA:1115,0
DA:1116,0
DA:1117,0
DA:1118,0
DA:1119,0
DA:1120,0
DA:1121,0
DA:1122,0
DA:1123,0
DA:1124,0
DA:1125,0
DA:1127,0
DA:1128,0
DA:1129,0
DA:1130,0
DA:1131,0
DA:1132,0
DA:1133,0
DA:1134,0
DA:1135,0
DA:1137,0
DA:1138,0
DA:1139,0
DA:1140,0
DA:1142,0
DA:1143,0
DA:1144,0
DA:1145,0
DA:1148,0
DA:1150,0
DA:1151,0
DA:1152,0
DA:1153,0
DA:1154,0
DA:1155,0
DA:1156,0
DA:1157,0
DA:1158,0
DA:1161,0
DA:1162,0
DA:1163,0
DA:1164,0
DA:1165,0
DA:1166,0
DA:1167,0
DA:1168,0
DA:1169,0
DA:1170,0
DA:1172,0
DA:1173,0
DA:1175,0
DA:1177,0
DA:1178,0
DA:1180,0
DA:1181,0
DA:1183,0
DA:1184,0
DA:1185,0
DA:1186,0
DA:1187,0
DA:1188,0
DA:1189,0
DA:1190,0
DA:1191,0
DA:1192,0
DA:1193,0
DA:1194,0
DA:1195,0
DA:1196,0
DA:1197,0
DA:1198,0
DA:1199,0
DA:1200,0
DA:1201,0
DA:1202,0
DA:1203,0
DA:1204,0
DA:1205,0
DA:1206,0
DA:1207,0
DA:1208,0
DA:1209,0
DA:1210,0
DA:1212,0
DA:1213,0
DA:1214,0
DA:1215,0
DA:1216,0
DA:1217,0
DA:1218,0
DA:1219,0
DA:1220,0
DA:1221,0
DA:1222,0
DA:1223,0
DA:1224,0
DA:1227,0
DA:1228,0
DA:1229,0
DA:1230,0
DA:1231,0
DA:1232,0
DA:1233,0
DA:1234,0
DA:1235,0
DA:1236,0
DA:1238,0
DA:1239,0
DA:1240,0
DA:1241,0
DA:1242,0
DA:1243,0
DA:1244,0
DA:1245,0
DA:1246,0
DA:1247,0
DA:1249,0
DA:1250,0
DA:1251,0
DA:1252,0
DA:1253,0
DA:1254,0
DA:1255,0
DA:1256,0
DA:1257,0
DA:1259,0
DA:1260,0
DA:1261,0
DA:1262,0
DA:1263,0
DA:1264,0
DA:1265,0
DA:1266,0
DA:1267,0
DA:1269,0
DA:1270,0
DA:1271,0
DA:1272,0
DA:1273,0
DA:1274,0
DA:1276,0
LF:945
LH:0
BRDA:1,0,0,0
BRF:1
BRH:0
end_of_record
TN:
SF:src/components/canvas/CanvasHints.tsx
FN:1,(empty-report)
FNF:1
FNH:0
FNDA:0,(empty-report)
DA:1,0
DA:2,0
DA:3,0
DA:4,0
DA:6,0
DA:8,0
DA:9,0
DA:10,0
DA:12,0
DA:13,0
DA:14,0
DA:16,0
DA:17,0
DA:18,0
DA:19,0
DA:20,0
DA:22,0
DA:23,0
DA:24,0
DA:25,0
DA:27,0
DA:29,0
DA:30,0
DA:31,0
DA:32,0
DA:34,0
DA:39,0
DA:40,0
DA:41,0
DA:43,0
DA:45,0
DA:47,0
DA:48,0
DA:50,0
DA:51,0
DA:53,0
DA:54,0
DA:55,0
DA:56,0
DA:58,0
DA:60,0
DA:61,0
DA:62,0
DA:63,0
DA:64,0
DA:65,0
DA:66,0
DA:67,0
DA:68,0
DA:70,0
DA:71,0
DA:72,0
DA:73,0
DA:74,0
DA:75,0
DA:77,0
DA:78,0
DA:79,0
DA:81,0
LF:59
LH:0
BRDA:1,0,0,0
BRF:1
BRH:0
end_of_record
TN:
SF:src/components/canvas/edges/RelationshipEdge.tsx
FN:30,snapToNode
FN:40,RelationshipEdge
FN:123,onMouseEnter
FN:124,onMouseLeave
FNF:4
FNH:3
FNDA:4,snapToNode
FNDA:2,RelationshipEdge
FNDA:1,onMouseEnter
FNDA:0,onMouseLeave
DA:1,1
DA:2,1
DA:12,1
DA:19,1
DA:20,1
DA:21,1
DA:22,1
DA:27,1
DA:28,1
DA:30,4
DA:31,4
DA:32,4
DA:33,4
DA:34,4
DA:35,4
DA:36,4
DA:37,4
DA:38,4
DA:40,2
DA:41,2
DA:42,2
DA:43,2
DA:44,2
DA:45,2
DA:46,2
DA:47,2
DA:48,2
DA:49,2
DA:50,2
DA:51,2
DA:52,2
DA:53,2
DA:54,2
DA:55,2
DA:57,2
DA:58,2
DA:61,2
DA:62,2
DA:63,2
DA:65,2
DA:66,0
DA:67,0
DA:68,0
DA:69,2
DA:70,2
DA:71,2
DA:72,2
DA:73,2
DA:74,2
DA:75,2
DA:77,0
DA:78,0
DA:79,0
DA:80,0
DA:81,0
DA:84,2
DA:85,0
DA:86,2
DA:87,2
DA:88,2
DA:90,2
DA:91,2
DA:92,2
DA:93,2
DA:94,2
DA:95,2
DA:96,2
DA:97,2
DA:98,2
DA:99,2
DA:100,2
DA:101,2
DA:102,2
DA:103,2
DA:104,2
DA:105,2
DA:106,2
DA:107,2
DA:108,2
DA:109,2
DA:110,1
DA:111,1
DA:112,0
DA:113,2
DA:115,2
DA:116,2
DA:118,2
DA:119,2
DA:120,2
DA:121,2
DA:122,2
DA:123,2
DA:124,2
DA:125,2
DA:126,2
DA:127,2
DA:128,2
DA:129,2
DA:130,2
DA:131,2
DA:132,2
DA:133,2
DA:134,2
DA:135,2
DA:136,2
DA:137,2
DA:138,2
DA:139,2
DA:141,2
DA:142,2
DA:143,2
DA:144,2
DA:145,2
DA:146,2
DA:147,2
DA:148,2
DA:149,2
DA:150,2
DA:151,2
DA:152,2
DA:153,2
DA:154,2
DA:155,2
DA:156,2
DA:157,2
DA:158,2
DA:159,2
DA:160,2
DA:161,2
DA:162,2
DA:164,2
DA:165,2
DA:166,2
DA:167,2
DA:168,2
DA:169,2
DA:170,2
DA:171,2
DA:172,2
DA:173,2
DA:175,2
DA:176,2
DA:178,2
DA:179,2
DA:180,2
DA:181,3
DA:182,3
DA:183,3
DA:184,3
DA:185,3
DA:186,3
DA:187,3
DA:188,3
DA:189,3
DA:190,3
DA:191,3
DA:192,3
DA:193,3
DA:194,3
DA:195,3
DA:196,3
DA:198,3
DA:199,3
DA:200,2
DA:201,2
DA:202,1
DA:203,1
DA:204,1
DA:205,1
DA:206,1
DA:207,1
DA:208,1
DA:209,1
DA:210,1
DA:211,1
DA:212,1
DA:213,1
DA:214,1
DA:216,2
DA:218,2
DA:219,2
DA:222,2
DA:223,1
DA:224,1
DA:225,1
DA:226,1
DA:227,1
DA:228,1
DA:229,1
DA:230,1
DA:231,1
DA:232,1
DA:233,1
DA:234,1
DA:235,1
DA:236,1
DA:238,1
DA:239,1
DA:240,1
DA:241,1
DA:243,1
DA:244,1
DA:245,1
DA:246,2
DA:247,2
DA:248,2
DA:249,2
DA:250,2
DA:251,2
DA:252,2
DA:253,2
DA:254,2
DA:255,2
DA:256,2
DA:257,2
DA:258,2
DA:259,2
DA:260,2
DA:262,2
DA:263,2
DA:264,1
DA:265,1
DA:267,1
DA:268,0
DA:269,0
DA:270,0
DA:271,0
DA:272,0
DA:273,0
DA:274,0
DA:276,1
DA:277,1
DA:279,2
DA:281,2
DA:283,1
LF:235
LH:218
BRDA:30,0,0,4
BRDA:32,1,0,2
BRDA:33,2,0,2
BRDA:34,3,0,0
BRDA:35,4,0,0
BRDA:36,5,0,0
BRDA:40,6,0,2
BRDA:65,7,0,0
BRDA:75,8,0,0
BRDA:84,9,0,0
BRDA:86,10,0,0
BRDA:87,11,0,0
BRDA:87,12,0,0
BRDA:88,13,0,0
BRDA:109,14,0,1
BRDA:110,15,0,1
BRDA:111,16,0,0
BRDA:113,17,0,1
BRDA:113,18,0,1
BRDA:133,19,0,0
BRDA:134,20,0,0
BRDA:137,21,0,0
BRDA:138,22,0,0
BRDA:141,23,0,0
BRDA:150,24,0,1
BRDA:150,25,0,1
BRDA:159,26,0,1
BRDA:159,27,0,1
BRDA:167,28,0,1
BRDA:167,29,0,1
BRDA:180,30,0,1
BRDA:180,31,0,1
BRDA:201,32,0,1
BRDA:201,33,0,1
BRDA:222,34,0,1
BRDA:222,35,0,1
BRDA:267,36,0,0
BRDA:92,37,0,1
BRDA:92,38,0,0
BRDA:92,39,0,2
BRDA:123,40,0,1
BRDA:180,41,0,3
BRDA:184,42,0,1
BRDA:184,43,0,2
BRDA:198,44,0,1
BRDA:198,45,0,2
BRDA:245,46,0,2
BRDA:267,47,0,1
BRF:48
BRH:30
end_of_record
TN:
SF:src/components/canvas/edges/relationshipEdgeLabels.ts
FN:5,getEdgeLabelDensity
FN:40,truncateEdgeLabel
FNF:2
FNH:2
FNDA:4,getEdgeLabelDensity
FNDA:3,truncateEdgeLabel
DA:5,1
DA:6,4
DA:7,4
DA:8,4
DA:9,4
DA:10,4
DA:11,4
DA:12,4
DA:13,4
DA:14,4
DA:15,4
DA:25,4
DA:26,4
DA:28,2
DA:29,4
DA:30,4
DA:31,4
DA:33,4
DA:34,0
DA:35,4
DA:37,0
DA:38,0
DA:40,1
DA:41,3
DA:42,3
DA:43,3
DA:44,3
LF:27
LH:24
BRDA:5,0,0,4
BRDA:26,1,0,3
BRDA:26,2,0,2
BRDA:29,3,0,0
BRDA:33,4,0,2
BRDA:33,5,0,2
BRDA:33,6,0,0
BRDA:35,7,0,0
BRDA:40,8,0,3
BRDA:42,9,0,0
BRF:10
BRH:6
end_of_record
TN:
SF:src/components/canvas/nodes/BaseC4Node.tsx
FN:1,(empty-report)
FNF:1
FNH:0
FNDA:0,(empty-report)
DA:1,0
DA:2,0
DA:4,0
DA:10,0
DA:11,0
DA:12,0
DA:13,0
DA:14,0
DA:15,0
DA:16,0
DA:19,0
DA:20,0
DA:21,0
DA:22,0
DA:23,0
DA:24,0
DA:25,0
DA:26,0
DA:27,0
DA:28,0
DA:29,0
DA:30,0
DA:31,0
DA:46,0
DA:47,0
DA:48,0
DA:49,0
DA:50,0
DA:51,0
DA:52,0
DA:53,0
DA:54,0
DA:55,0
DA:56,0
DA:57,0
DA:58,0
DA:61,0
DA:62,0
DA:63,0
DA:64,0
DA:65,0
DA:66,0
DA:67,0
DA:68,0
DA:69,0
DA:70,0
DA:71,0
DA:72,0
DA:73,0
DA:74,0
DA:77,0
DA:78,0
DA:81,0
DA:82,0
DA:88,0
DA:89,0
DA:90,0
DA:91,0
DA:92,0
DA:93,0
DA:94,0
DA:95,0
DA:98,0
DA:101,0
DA:104,0
DA:105,0
DA:106,0
DA:107,0
DA:108,0
DA:110,0
DA:111,0
DA:112,0
DA:113,0
DA:114,0
DA:115,0
DA:119,0
DA:120,0
DA:121,0
DA:122,0
DA:123,0
DA:124,0
DA:125,0
DA:127,0
DA:128,0
DA:129,0
DA:130,0
DA:131,0
DA:132,0
DA:133,0
DA:135,0
DA:136,0
DA:137,0
DA:141,0
DA:142,0
DA:143,0
DA:144,0
DA:145,0
DA:146,0
DA:147,0
DA:148,0
DA:149,0
DA:150,0
DA:151,0
DA:152,0
DA:153,0
DA:154,0
DA:155,0
DA:156,0
DA:158,0
DA:159,0
DA:161,0
DA:163,0
DA:164,0
DA:165,0
DA:166,0
DA:167,0
DA:168,0
DA:169,0
DA:170,0
DA:171,0
DA:172,0
DA:174,0
DA:175,0
DA:177,0
DA:178,0
DA:180,0
DA:181,0
DA:184,0
DA:185,0
DA:186,0
DA:187,0
DA:189,0
DA:190,0
DA:194,0
DA:195,0
DA:196,0
DA:197,0
DA:198,0
DA:199,0
DA:200,0
DA:202,0
DA:203,0
DA:204,0
DA:205,0
DA:206,0
DA:207,0
DA:208,0
DA:209,0
DA:210,0
DA:211,0
DA:212,0
DA:213,0
DA:214,0
DA:216,0
DA:217,0
DA:218,0
DA:219,0
DA:221,0
DA:222,0
DA:223,0
DA:224,0
DA:225,0
DA:226,0
DA:227,0
DA:228,0
DA:229,0
DA:230,0
DA:231,0
DA:232,0
DA:233,0
DA:234,0
DA:235,0
DA:236,0
DA:237,0
DA:238,0
DA:239,0
DA:240,0
DA:241,0
DA:242,0
DA:244,0
DA:245,0
DA:247,0
DA:249,0
DA:252,0
DA:256,0
DA:257,0
DA:258,0
DA:260,0
DA:261,0
DA:262,0
DA:263,0
DA:265,0
DA:266,0
DA:267,0
DA:269,0
DA:270,0
DA:271,0
DA:272,0
DA:273,0
DA:275,0
DA:276,0
DA:277,0
DA:278,0
DA:279,0
DA:281,0
DA:282,0
DA:283,0
DA:284,0
DA:286,0
LF:209
LH:0
BRDA:1,0,0,0
BRF:1
BRH:0
end_of_record
TN:
SF:src/components/canvas/nodes/BoundaryNode.tsx
FN:1,(empty-report)
FNF:1
FNH:0
FNDA:0,(empty-report)
DA:1,0
DA:9,0
DA:10,0
DA:11,0
DA:12,0
DA:13,0
DA:14,0
DA:15,0
DA:16,0
DA:17,0
DA:18,0
DA:19,0
DA:20,0
DA:23,0
DA:24,0
DA:25,0
DA:26,0
DA:27,0
DA:28,0
DA:29,0
DA:30,0
DA:31,0
DA:32,0
DA:33,0
DA:34,0
DA:35,0
DA:36,0
DA:37,0
DA:38,0
DA:39,0
DA:40,0
DA:41,0
DA:42,0
DA:43,0
DA:45,0
DA:47,0
LF:36
LH:0
BRDA:1,0,0,0
BRF:1
BRH:0
end_of_record
TN:
SF:src/components/canvas/nodes/ComponentNode.tsx
FN:1,(empty-report)
FNF:1
FNH:0
FNDA:0,(empty-report)
DA:1,0
DA:2,0
DA:5,0
DA:6,0
DA:8,0
DA:9,0
DA:11,0
DA:12,0
DA:13,0
DA:14,0
DA:15,0
DA:16,0
DA:17,0
DA:18,0
DA:19,0
DA:20,0
DA:21,0
DA:22,0
DA:24,0
DA:26,0
LF:20
LH:0
BRDA:1,0,0,0
BRF:1
BRH:0
end_of_record
TN:
SF:src/components/canvas/nodes/ContainerNode.tsx
FN:1,(empty-report)
FNF:1
FNH:0
FNDA:0,(empty-report)
DA:1,0
DA:2,0
DA:5,0
DA:6,0
DA:7,0
DA:9,0
DA:10,0
DA:11,0
DA:13,0
DA:14,0
DA:15,0
DA:16,0
DA:17,0
DA:18,0
DA:19,0
DA:20,0
DA:22,0
DA:23,0
DA:24,0
DA:25,0
DA:26,0
DA:27,0
DA:28,0
DA:29,0
DA:30,0
DA:31,0
DA:32,0
DA:33,0
DA:35,0
DA:37,0
LF:30
LH:0
BRDA:1,0,0,0
BRF:1
BRH:0
end_of_record
TN:
SF:src/components/canvas/nodes/GroupNode.tsx
FN:1,(empty-report)
FNF:1
FNH:0
FNDA:0,(empty-report)
DA:1,0
DA:3,0
DA:10,0
DA:11,0
DA:12,0
DA:13,0
DA:14,0
DA:15,0
DA:16,0
DA:17,0
DA:18,0
DA:19,0
DA:20,0
DA:21,0
DA:22,0
DA:23,0
DA:24,0
DA:26,0
DA:27,0
DA:28,0
DA:29,0
DA:30,0
DA:31,0
DA:32,0
DA:33,0
DA:34,0
DA:36,0
DA:37,0
DA:39,0
DA:41,0
LF:30
LH:0
BRDA:1,0,0,0
BRF:1
BRH:0
end_of_record
TN:
SF:src/components/canvas/nodes/InlineName.tsx
FN:1,(empty-report)
FNF:1
FNH:0
FNDA:0,(empty-report)
DA:1,0
DA:2,0
DA:5,0
DA:6,0
DA:7,0
DA:8,0
DA:9,0
DA:11,0
DA:12,0
DA:13,0
DA:14,0
DA:15,0
DA:16,0
DA:20,0
DA:22,0
DA:23,0
DA:24,0
DA:25,0
DA:26,0
DA:27,0
DA:28,0
DA:29,0
DA:30,0
DA:32,0
DA:33,0
DA:34,0
DA:35,0
DA:36,0
DA:37,0
DA:38,0
DA:39,0
DA:40,0
DA:41,0
DA:42,0
DA:43,0
DA:44,0
DA:45,0
DA:46,0
DA:47,0
DA:48,0
DA:49,0
DA:50,0
DA:51,0
DA:53,0
DA:55,0
DA:56,0
DA:57,0
DA:58,0
DA:59,0
DA:60,0
DA:61,0
DA:62,0
DA:63,0
DA:64,0
DA:65,0
DA:66,0
DA:68,0
DA:69,0
DA:71,0
LF:59
LH:0
BRDA:1,0,0,0
BRF:1
BRH:0
end_of_record
TN:
SF:src/components/canvas/nodes/NodeHandles.tsx
FN:1,(empty-report)
FNF:1
FNH:0
FNDA:0,(empty-report)
DA:1,0
DA:2,0
DA:15,0
DA:16,0
DA:20,0
DA:21,0
DA:22,0
DA:23,0
DA:24,0
DA:25,0
DA:28,0
DA:29,0
DA:30,0
DA:31,0
DA:32,0
DA:34,0
DA:35,0
DA:36,0
DA:37,0
DA:38,0
DA:39,0
DA:40,0
DA:42,0
DA:43,0
DA:47,0
DA:48,0
DA:49,0
DA:50,0
DA:51,0
DA:52,0
DA:53,0
DA:54,0
DA:55,0
DA:56,0
DA:57,0
DA:60,0
DA:61,0
DA:62,0
DA:63,0
DA:64,0
DA:65,0
DA:66,0
DA:67,0
DA:68,0
DA:69,0
DA:70,0
DA:71,0
DA:72,0
DA:73,0
DA:74,0
DA:76,0
DA:77,0
DA:78,0
DA:79,0
DA:80,0
DA:82,0
DA:83,0
DA:84,0
DA:85,0
DA:88,0
DA:89,0
DA:90,0
DA:91,0
DA:92,0
DA:94,0
DA:95,0
DA:96,0
DA:97,0
DA:98,0
DA:100,0
DA:101,0
DA:102,0
DA:103,0
DA:104,0
DA:105,0
DA:106,0
DA:107,0
DA:108,0
DA:109,0
DA:110,0
DA:111,0
DA:112,0
DA:113,0
DA:114,0
DA:115,0
DA:116,0
DA:117,0
DA:118,0
DA:119,0
DA:121,0
DA:122,0
DA:123,0
DA:125,0
LF:93
LH:0
BRDA:1,0,0,0
BRF:1
BRH:0
end_of_record
TN:
SF:src/components/canvas/nodes/PersonNode.tsx
FN:1,(empty-report)
FNF:1
FNH:0
FNDA:0,(empty-report)
DA:1,0
DA:2,0
DA:5,0
DA:6,0
DA:8,0
DA:9,0
DA:11,0
DA:12,0
DA:13,0
DA:14,0
DA:15,0
DA:16,0
DA:17,0
DA:18,0
DA:19,0
DA:20,0
DA:21,0
DA:22,0
DA:24,0
DA:26,0
LF:20
LH:0
BRDA:1,0,0,0
BRF:1
BRH:0
end_of_record
TN:
SF:src/components/canvas/nodes/StatusDot.tsx
FN:11,StatusDot
FNF:1
FNH:1
FNDA:9,StatusDot
DA:1,1
DA:4,1
DA:5,1
DA:6,1
DA:7,1
DA:8,1
DA:9,1
DA:11,1
DA:12,9
DA:13,8
DA:14,8
DA:15,8
DA:16,8
DA:17,8
DA:18,8
DA:19,8
DA:20,8
DA:21,8
DA:23,8
LF:19
LH:19
BRDA:11,0,0,9
BRDA:12,1,0,1
BRDA:12,2,0,8
BRF:3
BRH:3
end_of_record
TN:
SF:src/components/canvas/nodes/SystemNode.tsx
FN:1,(empty-report)
FNF:1
FNH:0
FNDA:0,(empty-report)
DA:1,0
DA:2,0
DA:5,0
DA:6,0
DA:8,0
DA:9,0
DA:11,0
DA:12,0
DA:13,0
DA:14,0
DA:15,0
DA:16,0
DA:17,0
DA:18,0
DA:19,0
DA:20,0
DA:21,0
DA:22,0
DA:24,0
DA:26,0
LF:20
LH:0
BRDA:1,0,0,0
BRF:1
BRH:0
end_of_record
TN:
SF:src/components/canvas/nodes/ZoomHoverCard.tsx
FN:1,(empty-report)
FNF:1
FNH:0
FNDA:0,(empty-report)
DA:1,0
DA:2,0
DA:10,0
DA:11,0
DA:12,0
DA:13,0
DA:14,0
DA:15,0
DA:16,0
DA:17,0
DA:18,0
DA:19,0
DA:20,0
DA:22,0
DA:23,0
DA:24,0
DA:25,0
DA:26,0
DA:27,0
DA:29,0
DA:30,0
DA:31,0
DA:32,0
DA:34,0
DA:35,0
DA:36,0
DA:37,0
DA:38,0
DA:39,0
DA:40,0
DA:41,0
DA:42,0
DA:43,0
DA:44,0
DA:46,0
DA:47,0
DA:48,0
DA:49,0
DA:50,0
DA:51,0
DA:53,0
DA:54,0
DA:55,0
DA:56,0
DA:57,0
DA:58,0
DA:59,0
DA:60,0
DA:61,0
DA:62,0
DA:63,0
DA:64,0
DA:65,0
DA:66,0
DA:67,0
DA:68,0
DA:69,0
DA:72,0
DA:73,0
DA:74,0
DA:75,0
DA:76,0
DA:77,0
DA:78,0
DA:79,0
DA:81,0
DA:82,0
DA:83,0
DA:84,0
DA:85,0
DA:86,0
DA:89,0
DA:90,0
DA:91,0
DA:92,0
DA:94,0
DA:95,0
DA:96,0
DA:97,0
DA:98,0
DA:99,0
DA:100,0
DA:101,0
DA:102,0
DA:103,0
DA:104,0
DA:105,0
DA:106,0
DA:107,0
DA:108,0
DA:110,0
DA:111,0
DA:112,0
DA:113,0
DA:114,0
DA:118,0
DA:119,0
DA:120,0
DA:121,0
DA:122,0
DA:123,0
DA:124,0
DA:125,0
DA:126,0
DA:127,0
DA:128,0
DA:129,0
DA:131,0
DA:133,0
DA:134,0
DA:136,0
LF:111
LH:0
BRDA:1,0,0,0
BRF:1
BRH:0
end_of_record
TN:
SF:src/components/canvas/nodes/index.ts
FN:1,(empty-report)
FNF:1
FNH:1
FNDA:1,(empty-report)
DA:2,0
DA:3,0
DA:4,0
DA:5,0
DA:6,0
DA:7,0
DA:9,0
DA:10,0
DA:11,0
DA:12,0
DA:13,0
DA:14,0
DA:15,0
DA:16,0
LF:14
LH:0
BRDA:1,0,0,1
BRF:1
BRH:1
end_of_record
TN:
SF:src/components/canvas/nodes/types.ts
FN:1,(empty-report)
FNF:1
FNH:1
FNDA:1,(empty-report)
LF:0
LH:0
BRDA:1,0,0,1
BRF:1
BRH:1
end_of_record
TN:
SF:src/components/command-palette/CommandPalette.tsx
FN:1,(empty-report)
FNF:1
FNH:0
FNDA:0,(empty-report)
DA:1,0
DA:2,0
DA:3,0
DA:4,0
DA:5,0
DA:7,0
DA:8,0
DA:9,0
DA:10,0
DA:11,0
DA:12,0
DA:14,0
DA:15,0
DA:17,0
DA:18,0
DA:20,0
DA:22,0
DA:23,0
DA:24,0
DA:26,0
DA:27,0
DA:28,0
DA:30,0
DA:31,0
DA:32,0
DA:33,0
DA:34,0
DA:36,0
DA:38,0
DA:39,0
DA:40,0
DA:41,0
DA:42,0
DA:43,0
DA:44,0
DA:45,0
DA:46,0
DA:47,0
DA:49,0
DA:50,0
DA:51,0
DA:52,0
DA:53,0
DA:54,0
DA:55,0
DA:56,0
DA:57,0
DA:58,0
DA:60,0
DA:62,0
DA:63,0
DA:64,0
DA:66,0
DA:67,0
DA:68,0
DA:69,0
DA:71,0
DA:72,0
DA:73,0
DA:74,0
DA:76,0
DA:77,0
DA:78,0
DA:79,0
DA:80,0
DA:81,0
DA:82,0
DA:83,0
DA:84,0
DA:85,0
DA:86,0
DA:87,0
DA:88,0
DA:89,0
DA:91,0
DA:93,0
DA:94,0
DA:96,0
DA:97,0
DA:98,0
DA:99,0
DA:100,0
DA:103,0
DA:104,0
DA:105,0
DA:106,0
DA:107,0
DA:108,0
DA:109,0
DA:112,0
DA:113,0
DA:114,0
DA:116,0
DA:117,0
DA:118,0
DA:119,0
DA:120,0
DA:121,0
DA:122,0
DA:123,0
DA:124,0
DA:125,0
DA:126,0
DA:127,0
DA:129,0
DA:132,0
DA:133,0
DA:134,0
DA:135,0
DA:136,0
DA:137,0
DA:139,0
DA:141,0
DA:142,0
DA:143,0
DA:144,0
DA:145,0
DA:147,0
DA:148,0
DA:149,0
DA:150,0
DA:151,0
DA:152,0
DA:153,0
DA:154,0
DA:155,0
DA:156,0
DA:157,0
DA:158,0
DA:159,0
DA:160,0
DA:161,0
DA:162,0
DA:163,0
DA:164,0
DA:165,0
DA:167,0
DA:168,0
DA:169,0
DA:170,0
DA:171,0
DA:172,0
DA:173,0
DA:174,0
DA:176,0
DA:177,0
DA:178,0
DA:179,0
DA:182,0
DA:183,0
DA:184,0
DA:186,0
DA:187,0
DA:188,0
DA:189,0
DA:190,0
DA:192,0
DA:194,0
DA:195,0
DA:196,0
DA:197,0
DA:198,0
DA:199,0
DA:201,0
DA:203,0
DA:204,0
DA:205,0
DA:206,0
DA:207,0
DA:208,0
DA:210,0
DA:212,0
DA:213,0
DA:214,0
DA:215,0
DA:217,0
DA:219,0
DA:220,0
DA:221,0
DA:222,0
DA:223,0
DA:224,0
DA:225,0
DA:226,0
DA:227,0
DA:228,0
DA:230,0
DA:231,0
DA:233,0
LF:189
LH:0
BRDA:1,0,0,0
BRF:1
BRH:0
end_of_record
TN:
SF:src/components/dialogs/ExportDialog.tsx
FN:22,ExportDialog
FN:28,handler
FN:37,act
FN:52,renderButton
FN:63,onClick
FN:100,fn
FN:101,fn
FN:102,fn
FN:103,fn
FN:104,fn
FN:105,fn
FN:112,fn
FN:113,fn
FN:114,fn
FN:121,fn
FN:122,fn
FNF:16
FNH:6
FNDA:7,ExportDialog
FNDA:1,handler
FNDA:2,act
FNDA:77,renderButton
FNDA:2,onClick
FNDA:0,fn
FNDA:0,fn
FNDA:0,fn
FNDA:0,fn
FNDA:0,fn
FNDA:0,fn
FNDA:0,fn
FNDA:0,fn
FNDA:0,fn
FNDA:0,fn
FNDA:2,fn
DA:1,1
DA:2,1
DA:5,1
DA:7,1
DA:22,7
DA:23,7
DA:24,7
DA:25,7
DA:27,7
DA:28,3
DA:29,3
DA:30,3
DA:31,7
DA:33,7
DA:34,3
DA:35,7
DA:37,7
DA:38,2
DA:39,2
DA:40,2
DA:41,2
DA:42,1
DA:43,2
DA:44,1
DA:45,1
DA:46,1
DA:47,2
DA:48,2
DA:49,2
DA:50,2
DA:52,7
DA:53,77
DA:54,77
DA:55,77
DA:56,77
DA:57,77
DA:58,77
DA:59,77
DA:60,77
DA:61,77
DA:62,77
DA:63,77
DA:64,77
DA:65,77
DA:66,77
DA:67,77
DA:68,77
DA:69,77
DA:70,77
DA:71,77
DA:72,77
DA:73,77
DA:74,77
DA:75,77
DA:76,77
DA:77,77
DA:78,77
DA:79,77
DA:80,77
DA:81,77
DA:82,77
DA:83,77
DA:85,77
DA:86,77
DA:87,77
DA:89,77
DA:91,7
DA:95,7
DA:96,7
DA:97,7
DA:98,7
DA:99,7
DA:100,7
DA:101,7
DA:102,7
DA:103,7
DA:104,7
DA:105,7
DA:106,7
DA:107,7
DA:108,7
DA:109,7
DA:110,7
DA:111,7
DA:112,7
DA:113,7
DA:114,7
DA:115,7
DA:116,7
DA:117,7
DA:118,7
DA:119,7
DA:120,7
DA:121,7
DA:122,7
DA:123,7
DA:124,7
DA:125,7
DA:127,7
DA:128,7
DA:129,7
DA:130,7
DA:131,7
DA:132,7
DA:133,7
DA:134,7
DA:135,7
DA:136,7
DA:137,7
DA:138,7
DA:139,7
DA:142,7
DA:143,7
DA:145,7
DA:146,7
DA:149,7
DA:150,7
DA:151,21
DA:152,21
DA:153,21
DA:154,21
DA:155,21
DA:156,21
DA:157,21
DA:158,21
DA:159,21
DA:160,21
DA:162,21
DA:163,21
DA:164,21
DA:165,21
DA:166,21
DA:167,21
DA:168,21
DA:169,21
DA:170,21
DA:171,21
DA:172,21
DA:173,21
DA:174,7
DA:175,7
DA:176,7
DA:177,7
DA:179,7
LF:144
LH:144
BRDA:22,0,0,7
BRDA:27,1,0,3
BRDA:28,2,0,1
BRDA:30,3,0,3
BRDA:33,4,0,3
BRDA:33,5,0,3
BRDA:34,6,0,1
BRDA:37,7,0,2
BRDA:38,8,0,0
BRDA:41,9,0,1
BRDA:43,10,0,0
BRDA:43,11,0,1
BRDA:52,12,0,77
BRDA:75,13,0,1
BRDA:75,14,0,76
BRDA:76,15,0,1
BRDA:76,16,0,76
BRDA:79,17,0,22
BRDA:79,18,0,55
BRDA:85,19,0,1
BRDA:85,20,0,76
BRDA:63,21,0,2
BRDA:122,22,0,2
BRDA:150,23,0,21
BRF:24
BRH:22
end_of_record
TN:
SF:src/components/layout/AddElementPanel.tsx
FN:1,(empty-report)
FNF:1
FNH:0
FNDA:0,(empty-report)
DA:1,0
DA:2,0
DA:3,0
DA:5,0
DA:6,0
DA:7,0
DA:23,0
DA:24,0
DA:25,0
DA:26,0
DA:27,0
DA:28,0
DA:29,0
DA:30,0
DA:32,0
DA:33,0
DA:34,0
DA:35,0
DA:36,0
DA:37,0
DA:38,0
DA:41,0
DA:42,0
DA:43,0
DA:44,0
DA:46,0
DA:50,0
DA:51,0
DA:52,0
DA:53,0
DA:54,0
DA:55,0
DA:56,0
DA:57,0
DA:58,0
DA:59,0
DA:60,0
DA:61,0
DA:62,0
DA:63,0
DA:65,0
DA:67,0
DA:68,0
DA:69,0
DA:70,0
DA:73,0
DA:74,0
DA:75,0
DA:76,0
DA:77,0
DA:81,0
DA:82,0
DA:83,0
DA:84,0
DA:86,0
DA:87,0
DA:88,0
DA:89,0
DA:90,0
DA:91,0
DA:92,0
DA:93,0
DA:96,0
DA:97,0
DA:98,0
DA:99,0
DA:100,0
DA:103,0
DA:104,0
DA:105,0
DA:106,0
DA:107,0
DA:108,0
DA:109,0
DA:110,0
DA:111,0
DA:112,0
DA:113,0
DA:114,0
DA:115,0
DA:116,0
DA:117,0
DA:118,0
DA:119,0
DA:120,0
DA:121,0
DA:122,0
DA:123,0
DA:124,0
DA:125,0
DA:126,0
DA:127,0
DA:128,0
DA:129,0
DA:130,0
DA:131,0
DA:132,0
DA:133,0
DA:134,0
DA:135,0
DA:136,0
DA:137,0
DA:138,0
DA:139,0
DA:140,0
DA:141,0
DA:142,0
DA:143,0
DA:144,0
DA:145,0
DA:146,0
DA:147,0
DA:148,0
DA:149,0
DA:150,0
DA:151,0
DA:152,0
DA:153,0
DA:154,0
DA:155,0
DA:156,0
DA:157,0
DA:158,0
DA:159,0
DA:160,0
DA:162,0
DA:163,0
DA:164,0
DA:165,0
DA:166,0
DA:167,0
DA:168,0
DA:169,0
DA:170,0
DA:171,0
DA:172,0
DA:173,0
DA:174,0
DA:175,0
DA:178,0
DA:179,0
DA:180,0
DA:181,0
DA:182,0
DA:183,0
DA:184,0
DA:185,0
DA:186,0
DA:187,0
DA:188,0
DA:189,0
DA:190,0
DA:191,0
DA:193,0
DA:194,0
DA:195,0
DA:196,0
DA:197,0
DA:198,0
DA:199,0
DA:200,0
DA:201,0
DA:202,0
DA:203,0
DA:204,0
DA:205,0
DA:206,0
DA:207,0
DA:208,0
DA:209,0
DA:210,0
DA:211,0
DA:212,0
DA:213,0
DA:214,0
DA:215,0
DA:216,0
DA:217,0
DA:218,0
DA:219,0
DA:220,0
DA:221,0
DA:222,0
DA:223,0
DA:224,0
DA:226,0
DA:227,0
DA:228,0
DA:229,0
DA:230,0
DA:231,0
DA:232,0
DA:233,0
DA:234,0
DA:235,0
DA:236,0
DA:237,0
DA:238,0
DA:239,0
DA:240,0
DA:241,0
DA:242,0
DA:243,0
DA:244,0
DA:245,0
DA:247,0
DA:249,0
DA:252,0
DA:255,0
DA:256,0
DA:257,0
DA:258,0
DA:259,0
DA:261,0
DA:262,0
DA:263,0
DA:264,0
DA:265,0
DA:266,0
DA:267,0
DA:268,0
DA:269,0
DA:270,0
DA:271,0
DA:272,0
DA:274,0
DA:275,0
DA:276,0
DA:277,0
DA:278,0
DA:279,0
DA:280,0
DA:281,0
DA:282,0
DA:283,0
DA:284,0
DA:285,0
DA:286,0
DA:287,0
DA:288,0
DA:289,0
DA:290,0
DA:291,0
DA:292,0
DA:293,0
DA:294,0
DA:295,0
DA:296,0
DA:299,0
DA:300,0
DA:301,0
DA:303,0
DA:304,0
DA:305,0
DA:307,0
DA:309,0
DA:310,0
DA:311,0
DA:312,0
DA:313,0
DA:314,0
DA:315,0
DA:316,0
DA:318,0
DA:319,0
DA:320,0
DA:321,0
DA:322,0
DA:323,0
DA:324,0
DA:326,0
DA:327,0
DA:328,0
DA:329,0
DA:330,0
DA:331,0
DA:333,0
DA:334,0
DA:335,0
DA:336,0
DA:337,0
DA:338,0
DA:339,0
DA:340,0
DA:341,0
DA:342,0
DA:343,0
DA:344,0
DA:345,0
DA:346,0
DA:347,0
DA:348,0
DA:349,0
DA:350,0
DA:351,0
DA:352,0
DA:353,0
DA:355,0
DA:356,0
DA:357,0
DA:358,0
DA:359,0
DA:361,0
DA:362,0
DA:364,0
DA:366,0
DA:367,0
DA:368,0
DA:369,0
DA:370,0
DA:374,0
DA:375,0
DA:376,0
DA:377,0
DA:378,0
DA:379,0
DA:380,0
DA:381,0
DA:382,0
DA:383,0
DA:384,0
DA:385,0
DA:386,0
DA:387,0
DA:388,0
DA:389,0
DA:390,0
DA:391,0
DA:392,0
DA:393,0
DA:395,0
DA:396,0
DA:397,0
DA:399,0
DA:401,0
DA:402,0
DA:403,0
DA:404,0
DA:405,0
DA:406,0
DA:407,0
DA:408,0
DA:409,0
DA:417,0
DA:418,0
DA:419,0
DA:420,0
DA:421,0
DA:422,0
DA:423,0
DA:424,0
DA:425,0
DA:426,0
DA:427,0
DA:428,0
DA:429,0
DA:430,0
DA:431,0
DA:432,0
DA:433,0
DA:434,0
DA:435,0
DA:436,0
DA:437,0
DA:438,0
DA:439,0
DA:441,0
DA:442,0
DA:443,0
DA:445,0
LF:370
LH:0
BRDA:1,0,0,0
BRF:1
BRH:0
end_of_record
TN:
SF:src/components/layout/FloatingBottomStrip.tsx
FN:1,(empty-report)
FNF:1
FNH:0
FNDA:0,(empty-report)
DA:1,0
DA:2,0
DA:3,0
DA:5,0
DA:8,0
DA:9,0
DA:14,0
DA:15,0
DA:16,0
DA:17,0
DA:18,0
DA:19,0
DA:20,0
DA:21,0
DA:25,0
DA:26,0
DA:27,0
DA:29,0
DA:30,0
DA:31,0
DA:32,0
DA:33,0
DA:34,0
DA:35,0
DA:36,0
DA:38,0
DA:40,0
DA:41,0
DA:42,0
DA:43,0
DA:44,0
DA:45,0
DA:46,0
DA:47,0
DA:48,0
DA:49,0
DA:50,0
DA:51,0
DA:52,0
DA:54,0
DA:55,0
DA:56,0
DA:57,0
DA:59,0
DA:60,0
DA:61,0
DA:62,0
DA:63,0
DA:64,0
DA:65,0
DA:67,0
DA:68,0
DA:69,0
DA:70,0
DA:71,0
DA:72,0
DA:73,0
DA:74,0
DA:75,0
DA:76,0
DA:77,0
DA:78,0
DA:79,0
DA:80,0
DA:81,0
DA:82,0
DA:83,0
DA:84,0
DA:85,0
DA:86,0
DA:87,0
DA:88,0
DA:89,0
DA:90,0
DA:91,0
DA:92,0
DA:95,0
DA:96,0
DA:97,0
DA:98,0
DA:99,0
DA:100,0
DA:102,0
DA:103,0
DA:104,0
DA:105,0
DA:106,0
DA:109,0
DA:110,0
DA:111,0
DA:113,0
DA:115,0
DA:116,0
DA:117,0
DA:118,0
DA:119,0
DA:120,0
DA:121,0
DA:122,0
DA:123,0
DA:124,0
DA:125,0
DA:126,0
DA:127,0
DA:128,0
DA:129,0
DA:130,0
DA:131,0
DA:132,0
DA:133,0
DA:134,0
DA:135,0
DA:136,0
DA:138,0
DA:139,0
DA:140,0
DA:141,0
DA:142,0
DA:143,0
DA:144,0
DA:145,0
DA:146,0
DA:147,0
DA:148,0
DA:149,0
DA:150,0
DA:151,0
DA:152,0
DA:153,0
DA:155,0
DA:157,0
DA:158,0
DA:161,0
DA:162,0
DA:163,0
DA:164,0
DA:165,0
DA:166,0
DA:167,0
DA:168,0
DA:169,0
DA:170,0
DA:171,0
DA:172,0
DA:173,0
DA:174,0
DA:175,0
DA:176,0
DA:177,0
DA:178,0
DA:179,0
DA:180,0
DA:181,0
DA:182,0
DA:183,0
DA:184,0
DA:185,0
DA:186,0
DA:187,0
DA:188,0
DA:189,0
DA:190,0
DA:191,0
DA:192,0
DA:193,0
DA:194,0
DA:195,0
DA:197,0
DA:199,0
DA:200,0
DA:201,0
DA:202,0
DA:204,0
DA:208,0
DA:209,0
DA:210,0
DA:211,0
DA:220,0
DA:221,0
DA:222,0
DA:225,0
DA:227,0
DA:228,0
DA:229,0
DA:230,0
DA:231,0
DA:232,0
DA:234,0
DA:235,0
DA:236,0
DA:237,0
DA:238,0
DA:239,0
DA:240,0
DA:242,0
DA:243,0
DA:244,0
DA:245,0
DA:246,0
DA:249,0
DA:250,0
DA:251,0
DA:252,0
DA:253,0
DA:254,0
DA:255,0
DA:256,0
DA:257,0
DA:259,0
DA:260,0
DA:261,0
DA:262,0
DA:263,0
DA:264,0
DA:265,0
DA:266,0
DA:267,0
DA:268,0
DA:269,0
DA:270,0
DA:271,0
DA:272,0
DA:273,0
DA:274,0
DA:275,0
DA:276,0
DA:277,0
DA:278,0
DA:279,0
DA:282,0
DA:283,0
DA:284,0
DA:285,0
DA:286,0
DA:287,0
DA:288,0
DA:289,0
DA:290,0
DA:292,0
DA:293,0
DA:295,0
DA:299,0
DA:300,0
DA:301,0
DA:302,0
DA:303,0
DA:304,0
DA:305,0
DA:306,0
DA:307,0
DA:308,0
DA:309,0
DA:310,0
DA:311,0
DA:313,0
DA:314,0
DA:317,0
DA:318,0
DA:319,0
DA:320,0
DA:321,0
DA:322,0
DA:323,0
DA:324,0
DA:325,0
DA:326,0
DA:327,0
DA:329,0
DA:330,0
DA:332,0
DA:335,0
DA:336,0
DA:337,0
DA:338,0
DA:339,0
DA:340,0
DA:342,0
DA:344,0
DA:348,0
DA:349,0
DA:350,0
DA:351,0
DA:352,0
DA:354,0
DA:355,0
DA:356,0
DA:357,0
DA:358,0
DA:360,0
DA:362,0
DA:363,0
DA:364,0
DA:366,0
DA:367,0
DA:368,0
DA:369,0
DA:370,0
DA:371,0
DA:373,0
DA:374,0
DA:375,0
DA:377,0
DA:378,0
DA:379,0
DA:380,0
DA:381,0
DA:382,0
DA:383,0
DA:384,0
DA:385,0
DA:386,0
DA:387,0
DA:388,0
DA:389,0
DA:390,0
DA:391,0
DA:392,0
DA:393,0
DA:394,0
DA:395,0
DA:396,0
DA:398,0
DA:399,0
DA:400,0
DA:401,0
DA:402,0
DA:403,0
DA:404,0
DA:405,0
DA:406,0
DA:408,0
DA:409,0
DA:410,0
DA:411,0
DA:412,0
DA:413,0
DA:414,0
DA:415,0
DA:416,0
DA:417,0
DA:418,0
DA:419,0
DA:420,0
DA:421,0
DA:422,0
DA:423,0
DA:424,0
DA:425,0
DA:426,0
DA:427,0
DA:428,0
DA:429,0
DA:430,0
DA:431,0
DA:432,0
DA:433,0
DA:434,0
DA:435,0
DA:436,0
DA:437,0
DA:438,0
DA:439,0
DA:440,0
DA:441,0
DA:442,0
DA:443,0
DA:444,0
DA:446,0
DA:448,0
DA:450,0
DA:452,0
DA:453,0
DA:454,0
DA:455,0
DA:456,0
DA:457,0
DA:458,0
DA:459,0
DA:460,0
DA:461,0
DA:463,0
DA:465,0
DA:467,0
DA:468,0
DA:469,0
DA:470,0
DA:473,0
DA:474,0
DA:476,0
DA:477,0
DA:478,0
DA:480,0
DA:481,0
DA:482,0
DA:484,0
DA:485,0
DA:486,0
DA:488,0
DA:489,0
DA:490,0
DA:491,0
DA:492,0
DA:493,0
DA:494,0
DA:495,0
DA:496,0
DA:497,0
DA:498,0
DA:499,0
DA:500,0
DA:501,0
DA:502,0
DA:503,0
DA:504,0
DA:505,0
DA:506,0
DA:507,0
DA:508,0
DA:509,0
DA:510,0
DA:511,0
DA:512,0
DA:513,0
DA:514,0
DA:515,0
DA:516,0
DA:517,0
DA:518,0
DA:519,0
DA:520,0
DA:521,0
DA:522,0
DA:523,0
DA:524,0
DA:525,0
DA:526,0
DA:527,0
DA:528,0
DA:529,0
DA:530,0
DA:531,0
DA:532,0
DA:533,0
DA:534,0
DA:535,0
DA:536,0
DA:537,0
DA:538,0
DA:539,0
DA:540,0
DA:542,0
DA:545,0
DA:546,0
DA:547,0
DA:548,0
DA:549,0
DA:550,0
DA:551,0
DA:552,0
DA:553,0
DA:554,0
DA:555,0
DA:556,0
DA:558,0
LF:464
LH:0
BRDA:1,0,0,0
BRF:1
BRH:0
end_of_record
TN:
SF:src/components/layout/FloatingInspector.tsx
FN:5,FloatingInspector
FN:26,onDocPointer
FNF:2
FNH:1
FNDA:5,FloatingInspector
FNDA:0,onDocPointer
DA:1,1
DA:2,1
DA:3,1
DA:5,5
DA:6,5
DA:7,5
DA:8,5
DA:9,5
DA:10,5
DA:11,5
DA:12,5
DA:14,5
DA:15,5
DA:16,5
DA:19,5
DA:24,5
DA:25,5
DA:26,3
DA:27,0
DA:28,0
DA:29,0
DA:32,0
DA:33,0
DA:34,0
DA:35,0
DA:36,3
DA:37,3
DA:38,3
DA:39,3
DA:40,3
DA:41,3
DA:42,5
DA:44,5
DA:46,4
DA:47,4
DA:48,4
DA:49,4
DA:50,4
DA:51,4
DA:52,4
DA:53,4
DA:54,4
DA:55,4
DA:56,4
DA:57,4
DA:58,4
DA:59,4
DA:60,4
DA:61,4
DA:62,4
DA:63,5
DA:64,5
DA:65,5
DA:66,5
DA:67,5
DA:68,5
DA:70,5
DA:71,5
DA:73,5
LF:59
LH:52
BRDA:5,0,0,5
BRDA:14,1,0,4
BRDA:14,2,0,2
BRDA:15,3,0,4
BRDA:15,4,0,1
BRDA:16,5,0,4
BRDA:16,6,0,0
BRDA:19,7,0,3
BRDA:19,8,0,2
BRDA:44,9,0,4
BRDA:44,10,0,1
BRDA:44,11,0,4
BRDA:63,12,0,3
BRDA:63,13,0,1
BRDA:64,14,0,3
BRDA:64,15,0,1
BRDA:65,16,0,3
BRDA:65,17,0,1
BRDA:6,18,0,15
BRDA:7,19,0,15
BRDA:8,20,0,15
BRDA:9,21,0,15
BRDA:10,22,0,15
BRDA:11,23,0,15
BRDA:24,24,0,5
BRDA:25,25,0,2
BRDA:25,26,0,3
BRDA:38,27,0,3
BRF:28
BRH:27
end_of_record
TN:
SF:src/components/layout/FloatingToolRail.tsx
FN:1,(empty-report)
FNF:1
FNH:0
FNDA:0,(empty-report)
DA:1,0
DA:2,0
DA:3,0
DA:5,0
DA:17,0
DA:18,0
DA:19,0
DA:20,0
DA:21,0
DA:23,0
DA:24,0
DA:25,0
DA:26,0
DA:27,0
DA:28,0
DA:30,0
DA:31,0
DA:32,0
DA:33,0
DA:34,0
DA:35,0
DA:37,0
DA:38,0
DA:39,0
DA:40,0
DA:44,0
DA:45,0
DA:46,0
DA:47,0
DA:48,0
DA:49,0
DA:51,0
DA:52,0
DA:53,0
DA:54,0
DA:55,0
DA:56,0
DA:57,0
DA:59,0
DA:61,0
DA:62,0
DA:63,0
DA:64,0
DA:67,0
DA:70,0
DA:71,0
DA:72,0
DA:73,0
DA:74,0
DA:76,0
DA:77,0
DA:78,0
DA:79,0
DA:80,0
DA:85,0
DA:86,0
DA:87,0
DA:88,0
DA:89,0
DA:90,0
DA:91,0
DA:92,0
DA:93,0
DA:94,0
DA:95,0
DA:96,0
DA:97,0
DA:98,0
DA:99,0
DA:102,0
DA:103,0
DA:104,0
DA:107,0
DA:108,0
DA:111,0
DA:113,0
DA:114,0
DA:116,0
DA:117,0
DA:118,0
DA:119,0
DA:122,0
DA:123,0
DA:125,0
DA:126,0
DA:127,0
DA:128,0
DA:129,0
DA:130,0
DA:131,0
DA:132,0
DA:133,0
DA:134,0
DA:135,0
DA:136,0
DA:137,0
DA:138,0
DA:139,0
DA:140,0
DA:141,0
DA:142,0
DA:143,0
DA:144,0
DA:147,0
DA:148,0
DA:149,0
DA:150,0
DA:151,0
DA:152,0
DA:153,0
DA:154,0
DA:155,0
DA:156,0
DA:157,0
DA:158,0
DA:159,0
DA:161,0
DA:164,0
DA:165,0
DA:166,0
DA:167,0
DA:168,0
DA:169,0
DA:170,0
DA:171,0
DA:172,0
DA:173,0
DA:174,0
DA:175,0
DA:176,0
DA:177,0
DA:178,0
DA:179,0
DA:180,0
DA:181,0
DA:182,0
DA:183,0
DA:184,0
DA:185,0
DA:186,0
DA:187,0
DA:188,0
DA:189,0
DA:190,0
DA:191,0
DA:192,0
DA:193,0
DA:194,0
DA:196,0
DA:198,0
DA:199,0
DA:200,0
DA:201,0
DA:202,0
DA:203,0
DA:204,0
DA:206,0
DA:207,0
DA:208,0
DA:209,0
DA:210,0
DA:211,0
DA:213,0
DA:215,0
DA:216,0
DA:217,0
DA:218,0
DA:220,0
DA:225,0
DA:226,0
DA:227,0
DA:228,0
DA:229,0
DA:230,0
DA:231,0
DA:234,0
DA:235,0
DA:236,0
DA:237,0
DA:238,0
DA:239,0
DA:240,0
DA:241,0
DA:242,0
DA:243,0
DA:245,0
DA:246,0
DA:247,0
DA:248,0
DA:249,0
DA:250,0
DA:251,0
DA:252,0
DA:253,0
DA:254,0
DA:255,0
DA:256,0
DA:257,0
DA:258,0
DA:259,0
DA:260,0
DA:261,0
DA:262,0
DA:263,0
DA:264,0
DA:265,0
DA:266,0
DA:267,0
DA:269,0
DA:270,0
DA:272,0
DA:275,0
DA:276,0
DA:277,0
DA:278,0
DA:279,0
DA:280,0
DA:281,0
DA:282,0
DA:283,0
DA:284,0
DA:285,0
DA:286,0
DA:287,0
DA:288,0
DA:289,0
DA:291,0
DA:295,0
DA:296,0
DA:297,0
DA:298,0
DA:299,0
DA:300,0
DA:301,0
DA:302,0
DA:303,0
DA:304,0
DA:306,0
DA:308,0
DA:315,0
DA:316,0
DA:317,0
DA:318,0
DA:319,0
DA:320,0
DA:321,0
DA:322,0
DA:323,0
DA:324,0
DA:325,0
DA:326,0
DA:327,0
DA:328,0
DA:329,0
DA:330,0
DA:331,0
DA:332,0
DA:333,0
DA:334,0
DA:335,0
DA:336,0
DA:337,0
DA:338,0
DA:339,0
DA:341,0
DA:342,0
DA:344,0
LF:267
LH:0
BRDA:1,0,0,0
BRF:1
BRH:0
end_of_record
TN:
SF:src/components/layout/FloatingTopPill.tsx
FN:1,(empty-report)
FNF:1
FNH:0
FNDA:0,(empty-report)
DA:1,0
DA:2,0
DA:3,0
DA:4,0
DA:5,0
DA:6,0
DA:7,0
DA:8,0
DA:9,0
DA:10,0
DA:11,0
DA:12,0
DA:24,0
DA:26,0
DA:27,0
DA:28,0
DA:29,0
DA:30,0
DA:40,0
DA:41,0
DA:42,0
DA:43,0
DA:45,0
DA:46,0
DA:47,0
DA:48,0
DA:49,0
DA:50,0
DA:51,0
DA:53,0
DA:54,0
DA:56,0
DA:57,0
DA:58,0
DA:59,0
DA:60,0
DA:62,0
DA:63,0
DA:64,0
DA:65,0
DA:66,0
DA:67,0
DA:68,0
DA:69,0
DA:70,0
DA:71,0
DA:73,0
DA:74,0
DA:75,0
DA:76,0
DA:77,0
DA:79,0
DA:80,0
DA:81,0
DA:82,0
DA:83,0
DA:84,0
DA:85,0
DA:86,0
DA:87,0
DA:88,0
DA:89,0
DA:90,0
DA:91,0
DA:92,0
DA:93,0
DA:94,0
DA:95,0
DA:96,0
DA:97,0
DA:98,0
DA:99,0
DA:100,0
DA:101,0
DA:102,0
DA:103,0
DA:105,0
DA:106,0
DA:107,0
DA:108,0
DA:109,0
DA:110,0
DA:111,0
DA:112,0
DA:113,0
DA:114,0
DA:115,0
DA:116,0
DA:117,0
DA:118,0
DA:120,0
DA:121,0
DA:122,0
DA:123,0
DA:124,0
DA:125,0
DA:127,0
DA:128,0
DA:129,0
DA:130,0
DA:131,0
DA:134,0
DA:135,0
DA:136,0
DA:137,0
DA:138,0
DA:139,0
DA:140,0
DA:141,0
DA:142,0
DA:143,0
DA:144,0
DA:145,0
DA:147,0
DA:149,0
DA:151,0
DA:152,0
DA:153,0
DA:154,0
DA:155,0
DA:156,0
DA:157,0
DA:158,0
DA:159,0
DA:160,0
DA:161,0
DA:162,0
DA:163,0
DA:164,0
DA:165,0
DA:166,0
DA:167,0
DA:168,0
DA:170,0
DA:171,0
DA:172,0
DA:173,0
DA:174,0
DA:175,0
DA:176,0
DA:177,0
DA:178,0
DA:179,0
DA:180,0
DA:181,0
DA:182,0
DA:183,0
DA:185,0
DA:186,0
DA:187,0
DA:188,0
DA:189,0
DA:190,0
DA:191,0
DA:192,0
DA:193,0
DA:194,0
DA:195,0
DA:196,0
DA:197,0
DA:198,0
DA:199,0
DA:200,0
DA:203,0
DA:204,0
DA:205,0
DA:206,0
DA:207,0
DA:208,0
DA:209,0
DA:210,0
DA:211,0
DA:212,0
DA:213,0
DA:216,0
DA:217,0
DA:220,0
DA:221,0
DA:222,0
DA:223,0
DA:224,0
DA:225,0
DA:226,0
DA:227,0
DA:228,0
DA:229,0
DA:230,0
DA:231,0
DA:232,0
DA:233,0
DA:234,0
DA:235,0
DA:237,0
DA:238,0
DA:241,0
DA:242,0
DA:243,0
DA:244,0
DA:245,0
DA:246,0
DA:247,0
DA:248,0
DA:249,0
DA:250,0
DA:251,0
DA:252,0
DA:253,0
DA:254,0
DA:255,0
DA:256,0
DA:257,0
DA:259,0
DA:260,0
DA:261,0
DA:262,0
DA:263,0
DA:264,0
DA:265,0
DA:266,0
DA:267,0
DA:268,0
DA:270,0
DA:271,0
DA:272,0
DA:273,0
DA:276,0
DA:277,0
DA:278,0
DA:279,0
DA:280,0
DA:281,0
DA:282,0
DA:285,0
DA:288,0
DA:289,0
DA:290,0
DA:291,0
DA:292,0
DA:293,0
DA:294,0
DA:295,0
DA:296,0
DA:298,0
DA:299,0
DA:301,0
DA:303,0
DA:304,0
DA:305,0
DA:306,0
DA:307,0
DA:308,0
DA:309,0
DA:310,0
DA:311,0
DA:312,0
DA:313,0
DA:314,0
DA:315,0
DA:316,0
DA:317,0
DA:318,0
DA:320,0
DA:321,0
DA:322,0
DA:323,0
DA:324,0
DA:325,0
DA:326,0
DA:327,0
DA:328,0
DA:329,0
DA:330,0
DA:331,0
DA:332,0
DA:333,0
DA:334,0
DA:335,0
DA:336,0
DA:338,0
DA:339,0
DA:340,0
DA:344,0
DA:345,0
DA:346,0
DA:347,0
DA:348,0
DA:349,0
DA:350,0
DA:352,0
DA:353,0
DA:356,0
DA:357,0
DA:358,0
DA:359,0
DA:360,0
DA:361,0
DA:362,0
DA:363,0
DA:364,0
DA:365,0
DA:366,0
DA:367,0
DA:368,0
DA:369,0
DA:370,0
DA:372,0
DA:373,0
DA:376,0
DA:378,0
DA:380,0
DA:381,0
DA:382,0
DA:383,0
DA:384,0
DA:385,0
DA:386,0
DA:387,0
DA:388,0
DA:389,0
DA:390,0
DA:391,0
DA:392,0
DA:393,0
DA:394,0
DA:395,0
DA:396,0
DA:398,0
DA:399,0
DA:400,0
DA:401,0
DA:402,0
DA:403,0
DA:404,0
DA:405,0
DA:406,0
DA:407,0
DA:408,0
DA:409,0
DA:410,0
DA:411,0
DA:412,0
DA:413,0
DA:414,0
DA:415,0
DA:416,0
DA:417,0
DA:418,0
DA:419,0
DA:420,0
DA:422,0
DA:423,0
DA:425,0
DA:426,0
DA:427,0
DA:428,0
DA:429,0
DA:431,0
DA:432,0
DA:433,0
DA:434,0
DA:435,0
DA:436,0
DA:437,0
DA:438,0
DA:439,0
DA:440,0
DA:441,0
DA:442,0
DA:443,0
DA:445,0
DA:446,0
DA:447,0
DA:448,0
DA:449,0
DA:450,0
DA:451,0
DA:452,0
DA:454,0
DA:455,0
DA:456,0
DA:458,0
DA:460,0
DA:461,0
DA:462,0
DA:463,0
DA:464,0
DA:465,0
DA:466,0
DA:467,0
DA:468,0
DA:469,0
DA:470,0
DA:471,0
DA:472,0
DA:473,0
DA:474,0
DA:475,0
DA:476,0
DA:477,0
DA:479,0
DA:480,0
DA:481,0
DA:482,0
DA:483,0
DA:484,0
DA:485,0
DA:486,0
DA:487,0
DA:488,0
DA:489,0
DA:490,0
DA:491,0
DA:492,0
DA:493,0
DA:494,0
DA:495,0
DA:496,0
DA:497,0
DA:498,0
DA:500,0
DA:502,0
DA:508,0
DA:509,0
DA:510,0
DA:511,0
DA:512,0
DA:513,0
DA:514,0
DA:515,0
DA:516,0
DA:517,0
DA:518,0
DA:519,0
DA:530,0
DA:531,0
DA:532,0
DA:533,0
DA:536,0
DA:537,0
DA:539,0
DA:540,0
DA:541,0
DA:542,0
DA:543,0
DA:544,0
DA:545,0
DA:546,0
DA:548,0
DA:549,0
DA:550,0
DA:551,0
DA:552,0
DA:554,0
DA:555,0
DA:556,0
DA:557,0
DA:558,0
DA:559,0
DA:560,0
DA:561,0
DA:562,0
DA:563,0
DA:564,0
DA:565,0
DA:568,0
DA:569,0
DA:571,0
DA:572,0
DA:573,0
DA:574,0
DA:575,0
DA:576,0
DA:577,0
DA:578,0
DA:579,0
DA:580,0
DA:581,0
DA:582,0
DA:583,0
DA:584,0
DA:585,0
DA:586,0
DA:587,0
DA:588,0
DA:589,0
DA:590,0
DA:591,0
DA:592,0
DA:593,0
DA:594,0
DA:595,0
DA:596,0
DA:597,0
DA:598,0
DA:599,0
DA:600,0
DA:603,0
DA:604,0
DA:606,0
DA:607,0
DA:608,0
DA:609,0
DA:611,0
DA:612,0
DA:615,0
DA:616,0
DA:617,0
DA:619,0
DA:621,0
DA:622,0
DA:623,0
DA:624,0
DA:625,0
DA:626,0
DA:627,0
DA:628,0
DA:629,0
DA:630,0
DA:631,0
DA:632,0
DA:633,0
DA:635,0
DA:636,0
DA:638,0
DA:641,0
DA:642,0
DA:643,0
DA:644,0
DA:645,0
DA:646,0
DA:647,0
DA:648,0
DA:649,0
DA:651,0
DA:653,0
DA:654,0
DA:655,0
DA:656,0
DA:657,0
DA:658,0
DA:659,0
DA:660,0
DA:661,0
DA:662,0
DA:664,0
DA:666,0
DA:667,0
DA:668,0
DA:669,0
DA:670,0
DA:671,0
DA:672,0
DA:673,0
DA:674,0
DA:675,0
DA:676,0
DA:677,0
DA:679,0
DA:681,0
DA:682,0
DA:684,0
DA:685,0
DA:686,0
DA:688,0
DA:690,0
DA:691,0
DA:692,0
DA:693,0
DA:694,0
DA:695,0
DA:700,0
DA:701,0
DA:702,0
DA:703,0
DA:704,0
DA:705,0
DA:706,0
DA:707,0
DA:708,0
DA:709,0
DA:710,0
DA:711,0
DA:712,0
DA:713,0
DA:714,0
DA:716,0
DA:717,0
DA:718,0
DA:720,0
LF:589
LH:0
BRDA:1,0,0,0
BRF:1
BRH:0
end_of_record
TN:
SF:src/components/layout/FloatingViewsPanel.tsx
FN:1,(empty-report)
FNF:1
FNH:0
FNDA:0,(empty-report)
DA:1,0
DA:3,0
DA:4,0
DA:5,0
DA:7,0
DA:9,0
DA:10,0
DA:11,0
DA:12,0
DA:13,0
DA:14,0
DA:16,0
DA:17,0
DA:18,0
DA:19,0
DA:20,0
DA:21,0
DA:22,0
DA:23,0
DA:25,0
DA:27,0
DA:29,0
DA:30,0
DA:31,0
DA:32,0
DA:33,0
DA:35,0
DA:36,0
DA:38,0
DA:39,0
DA:40,0
DA:41,0
DA:42,0
DA:43,0
DA:44,0
DA:45,0
DA:46,0
DA:47,0
DA:48,0
DA:49,0
DA:50,0
DA:51,0
DA:54,0
DA:55,0
DA:56,0
DA:57,0
DA:58,0
DA:59,0
DA:60,0
DA:61,0
DA:63,0
DA:64,0
DA:65,0
DA:66,0
DA:67,0
DA:68,0
DA:69,0
DA:70,0
DA:71,0
DA:73,0
DA:74,0
DA:75,0
DA:76,0
DA:77,0
DA:78,0
DA:79,0
DA:81,0
DA:82,0
DA:83,0
DA:84,0
DA:85,0
DA:86,0
DA:87,0
DA:89,0
DA:90,0
DA:91,0
DA:92,0
DA:95,0
DA:96,0
DA:97,0
DA:98,0
DA:99,0
DA:100,0
DA:101,0
DA:102,0
DA:103,0
DA:104,0
DA:106,0
DA:107,0
DA:108,0
DA:109,0
DA:111,0
DA:113,0
DA:115,0
DA:116,0
DA:117,0
DA:118,0
DA:119,0
DA:123,0
DA:124,0
DA:125,0
DA:126,0
DA:128,0
DA:129,0
DA:130,0
DA:131,0
DA:132,0
DA:133,0
DA:134,0
DA:135,0
DA:136,0
DA:137,0
DA:138,0
DA:139,0
DA:140,0
DA:141,0
DA:142,0
DA:143,0
DA:144,0
DA:145,0
DA:146,0
DA:147,0
DA:148,0
DA:149,0
DA:150,0
DA:151,0
DA:153,0
DA:154,0
DA:155,0
DA:156,0
DA:157,0
DA:158,0
DA:160,0
DA:161,0
DA:162,0
DA:163,0
DA:164,0
DA:165,0
DA:166,0
DA:167,0
DA:168,0
DA:169,0
DA:170,0
DA:171,0
DA:172,0
DA:173,0
DA:174,0
DA:175,0
DA:176,0
DA:177,0
DA:178,0
DA:179,0
DA:180,0
DA:181,0
DA:182,0
DA:183,0
DA:184,0
DA:185,0
DA:186,0
DA:187,0
DA:188,0
DA:189,0
DA:191,0
DA:192,0
DA:193,0
DA:194,0
DA:196,0
DA:197,0
DA:198,0
DA:200,0
LF:170
LH:0
BRDA:1,0,0,0
BRF:1
BRH:0
end_of_record
TN:
SF:src/components/layout/FloatingZoomHud.tsx
FN:1,(empty-report)
FNF:1
FNH:0
FNDA:0,(empty-report)
DA:1,0
DA:2,0
DA:3,0
DA:4,0
DA:5,0
DA:7,0
DA:8,0
DA:9,0
DA:10,0
DA:12,0
DA:14,0
DA:15,0
DA:16,0
DA:17,0
DA:18,0
DA:19,0
DA:20,0
DA:21,0
DA:22,0
DA:23,0
DA:24,0
DA:25,0
DA:26,0
DA:28,0
DA:29,0
DA:30,0
DA:32,0
DA:34,0
DA:35,0
DA:36,0
DA:38,0
DA:40,0
DA:41,0
DA:42,0
DA:43,0
DA:45,0
DA:47,0
DA:48,0
DA:49,0
DA:50,0
DA:51,0
DA:55,0
DA:56,0
DA:57,0
DA:58,0
DA:59,0
DA:60,0
DA:61,0
DA:62,0
DA:63,0
DA:64,0
DA:65,0
DA:66,0
DA:67,0
DA:68,0
DA:69,0
DA:70,0
DA:71,0
DA:72,0
DA:74,0
DA:75,0
DA:77,0
DA:79,0
DA:80,0
DA:81,0
DA:82,0
DA:83,0
DA:84,0
DA:85,0
DA:86,0
DA:87,0
DA:88,0
DA:89,0
DA:90,0
DA:91,0
DA:92,0
DA:93,0
DA:94,0
DA:95,0
DA:97,0
DA:98,0
DA:100,0
LF:82
LH:0
BRDA:1,0,0,0
BRF:1
BRH:0
end_of_record
TN:
SF:src/components/layout/MultiSelectBar.tsx
FN:1,(empty-report)
FNF:1
FNH:0
FNDA:0,(empty-report)
DA:1,0
DA:2,0
DA:3,0
DA:5,0
DA:17,0
DA:18,0
DA:19,0
DA:20,0
DA:21,0
DA:22,0
DA:23,0
DA:24,0
DA:25,0
DA:26,0
DA:28,0
DA:29,0
DA:30,0
DA:31,0
DA:33,0
DA:34,0
DA:35,0
DA:37,0
DA:38,0
DA:40,0
DA:41,0
DA:43,0
DA:45,0
DA:46,0
DA:47,0
DA:50,0
DA:51,0
DA:52,0
DA:56,0
DA:57,0
DA:59,0
DA:60,0
DA:61,0
DA:62,0
DA:63,0
DA:64,0
DA:65,0
DA:66,0
DA:67,0
DA:68,0
DA:70,0
DA:71,0
DA:72,0
DA:73,0
DA:74,0
DA:75,0
DA:76,0
DA:77,0
DA:78,0
DA:79,0
DA:80,0
DA:81,0
DA:82,0
DA:83,0
DA:84,0
DA:85,0
DA:86,0
DA:87,0
DA:88,0
DA:89,0
DA:90,0
DA:91,0
DA:92,0
DA:93,0
DA:94,0
DA:95,0
DA:96,0
DA:97,0
DA:98,0
DA:99,0
DA:100,0
DA:101,0
DA:102,0
DA:104,0
DA:105,0
DA:106,0
DA:108,0
DA:109,0
DA:110,0
DA:111,0
DA:112,0
DA:113,0
DA:114,0
DA:115,0
DA:116,0
DA:118,0
DA:120,0
DA:121,0
DA:122,0
DA:123,0
DA:124,0
DA:125,0
DA:126,0
DA:127,0
DA:128,0
DA:129,0
DA:130,0
DA:131,0
DA:132,0
DA:133,0
DA:134,0
DA:135,0
DA:136,0
DA:137,0
DA:138,0
DA:141,0
DA:142,0
DA:143,0
DA:146,0
DA:147,0
DA:148,0
DA:149,0
DA:150,0
DA:151,0
DA:152,0
DA:153,0
DA:154,0
DA:155,0
DA:156,0
DA:157,0
DA:158,0
DA:159,0
DA:160,0
DA:161,0
DA:162,0
DA:163,0
DA:164,0
DA:165,0
DA:166,0
DA:167,0
DA:168,0
DA:169,0
DA:170,0
DA:171,0
DA:172,0
DA:173,0
DA:174,0
DA:175,0
DA:176,0
DA:177,0
DA:178,0
DA:179,0
DA:180,0
DA:181,0
DA:182,0
DA:183,0
DA:184,0
DA:185,0
DA:186,0
DA:188,0
DA:189,0
DA:190,0
DA:191,0
DA:192,0
DA:193,0
DA:194,0
DA:196,0
DA:198,0
DA:201,0
DA:202,0
DA:204,0
DA:205,0
DA:206,0
DA:208,0
DA:211,0
DA:212,0
DA:213,0
DA:215,0
DA:216,0
DA:217,0
DA:218,0
DA:219,0
DA:221,0
LF:177
LH:0
BRDA:1,0,0,0
BRF:1
BRH:0
end_of_record
TN:
SF:src/components/layout/RightPanel.tsx
FN:39,RightPanel
FN:67,ElementProperties
FN:97,onClick
FN:116,onClick
FN:134,onLiveChange
FN:134,onCommit
FN:149,onClick
FN:169,onLiveChange
FN:169,onCommit
FN:174,onLiveChange
FN:174,onCommit
FN:186,onClick
FN:217,onLiveChange
FN:217,onCommit
FN:231,onLiveChange
FN:232,onCommit
FN:268,onUpdate
FN:274,AppearsInViews
FN:312,ViewLink
FN:328,RelationshipProperties
FN:353,onClick
FN:368,onCommit
FN:372,onCommit
FN:382,onClick
FN:429,onClick
FN:469,onCommit
FN:487,onUpdate
FN:496,ElementRelationsTab
FN:551,TagsTab
FN:562,removeTag
FN:596,onClick
FN:613,onChange
FN:614,onKeyDown
FNF:33
FNH:8
FNDA:23,RightPanel
FNDA:5,ElementProperties
FNDA:1,onClick
FNDA:0,onClick
FNDA:0,onLiveChange
FNDA:0,onCommit
FNDA:0,onClick
FNDA:0,onLiveChange
FNDA:0,onCommit
FNDA:0,onLiveChange
FNDA:0,onCommit
FNDA:0,onClick
FNDA:0,onLiveChange
FNDA:0,onCommit
FNDA:0,onLiveChange
FNDA:0,onCommit
FNDA:0,onUpdate
FNDA:0,AppearsInViews
FNDA:0,ViewLink
FNDA:13,RelationshipProperties
FNDA:0,onClick
FNDA:0,onCommit
FNDA:3,onCommit
FNDA:2,onClick
FNDA:3,onClick
FNDA:0,onCommit
FNDA:0,onUpdate
FNDA:0,ElementRelationsTab
FNDA:13,TagsTab
FNDA:0,removeTag
FNDA:0,onClick
FNDA:0,onChange
FNDA:0,onKeyDown
DA:1,1
DA:2,1
DA:4,1
DA:5,1
DA:6,1
DA:7,1
DA:8,1
DA:10,1
DA:11,1
DA:12,1
DA:13,1
DA:14,1
DA:15,1
DA:16,1
DA:18,1
DA:19,1
DA:20,1
DA:21,1
DA:22,1
DA:24,1
DA:25,1
DA:26,1
DA:27,1
DA:28,1
DA:29,1
DA:33,1
DA:34,1
DA:35,1
DA:36,1
DA:37,1
DA:39,23
DA:40,23
DA:41,23
DA:42,23
DA:43,23
DA:44,23
DA:46,23
DA:48,22
DA:49,23
DA:50,23
DA:52,23
DA:53,23
DA:54,23
DA:55,5
DA:56,17
DA:57,13
DA:58,4
DA:59,1
DA:60,3
DA:61,23
DA:63,23
DA:67,5
DA:68,5
DA:69,5
DA:70,5
DA:71,5
DA:72,5
DA:73,5
DA:74,5
DA:75,5
DA:76,5
DA:77,5
DA:78,5
DA:79,5
DA:80,5
DA:83,5
DA:84,0
DA:85,5
DA:87,5
DA:88,5
DA:90,5
DA:91,5
DA:92,5
DA:93,5
DA:94,5
DA:95,5
DA:96,5
DA:97,5
DA:98,5
DA:99,5
DA:100,5
DA:101,5
DA:103,5
DA:104,5
DA:105,5
DA:106,5
DA:107,5
DA:110,5
DA:111,5
DA:112,15
DA:113,15
DA:114,15
DA:115,15
DA:116,15
DA:117,15
DA:118,15
DA:119,15
DA:120,15
DA:121,15
DA:123,15
DA:124,15
DA:125,5
DA:126,5
DA:129,5
DA:130,5
DA:131,5
DA:132,5
DA:133,5
DA:134,5
DA:135,5
DA:136,5
DA:137,5
DA:138,5
DA:139,5
DA:140,5
DA:141,15
DA:142,15
DA:143,15
DA:144,15
DA:145,15
DA:146,15
DA:147,15
DA:148,15
DA:149,15
DA:150,15
DA:151,15
DA:152,15
DA:153,15
DA:154,15
DA:155,15
DA:156,15
DA:157,15
DA:159,15
DA:160,15
DA:162,5
DA:163,5
DA:164,5
DA:166,5
DA:167,0
DA:168,0
DA:169,0
DA:170,0
DA:172,5
DA:173,5
DA:174,5
DA:175,5
DA:178,5
DA:179,5
DA:180,5
DA:181,5
DA:182,25
DA:183,25
DA:184,25
DA:185,25
DA:186,25
DA:187,25
DA:188,25
DA:189,25
DA:190,25
DA:191,25
DA:192,25
DA:193,25
DA:194,25
DA:195,25
DA:197,25
DA:198,25
DA:199,25
DA:200,25
DA:201,25
DA:202,25
DA:203,25
DA:204,25
DA:205,25
DA:206,25
DA:207,25
DA:208,25
DA:210,5
DA:211,5
DA:212,5
DA:215,5
DA:216,5
DA:217,5
DA:218,5
DA:221,5
DA:222,5
DA:223,5
DA:224,5
DA:225,5
DA:226,5
DA:227,5
DA:228,5
DA:229,5
DA:230,5
DA:231,5
DA:232,5
DA:233,5
DA:234,5
DA:235,5
DA:236,0
DA:237,0
DA:238,0
DA:239,0
DA:240,0
DA:241,0
DA:242,0
DA:244,0
DA:245,0
DA:247,5
DA:248,5
DA:249,0
DA:250,0
DA:251,0
DA:252,0
DA:253,0
DA:255,0
DA:257,5
DA:260,5
DA:261,0
DA:263,5
DA:266,5
DA:268,5
DA:269,5
DA:270,5
DA:272,5
DA:274,0
DA:275,0
DA:276,0
DA:277,0
DA:278,0
DA:279,0
DA:280,0
DA:281,0
DA:282,0
DA:283,0
DA:284,0
DA:286,0
DA:287,0
DA:288,0
DA:289,0
DA:290,0
DA:291,0
DA:292,0
DA:293,0
DA:294,0
DA:296,0
DA:297,0
DA:298,0
DA:299,0
DA:300,0
DA:301,0
DA:302,0
DA:303,0
DA:304,0
DA:305,0
DA:306,0
DA:308,0
DA:310,0
DA:312,0
DA:313,0
DA:314,0
DA:315,0
DA:316,0
DA:317,0
DA:318,0
DA:320,0
DA:321,0
DA:322,0
DA:324,0
DA:328,13
DA:329,13
DA:330,13
DA:331,13
DA:332,13
DA:334,13
DA:335,13
DA:336,13
DA:337,13
DA:339,13
DA:340,13
DA:342,13
DA:343,13
DA:344,13
DA:345,13
DA:346,13
DA:347,13
DA:348,13
DA:349,13
DA:350,13
DA:351,13
DA:352,13
DA:353,13
DA:354,13
DA:355,13
DA:356,13
DA:357,13
DA:359,13
DA:360,13
DA:361,13
DA:362,13
DA:363,13
DA:365,13
DA:366,13
DA:367,13
DA:368,13
DA:369,13
DA:370,13
DA:371,13
DA:372,13
DA:373,13
DA:374,13
DA:375,13
DA:376,13
DA:377,13
DA:378,39
DA:379,39
DA:380,39
DA:381,39
DA:382,39
DA:383,39
DA:384,39
DA:385,39
DA:386,39
DA:387,39
DA:388,39
DA:389,39
DA:390,39
DA:391,39
DA:392,39
DA:393,39
DA:395,39
DA:396,39
DA:397,13
DA:398,13
DA:399,13
DA:400,13
DA:402,39
DA:403,13
DA:404,13
DA:405,13
DA:406,13
DA:408,39
DA:409,13
DA:410,13
DA:411,13
DA:412,13
DA:414,39
DA:415,39
DA:416,39
DA:418,13
DA:419,13
DA:420,13
DA:421,13
DA:422,13
DA:423,13
DA:424,13
DA:425,52
DA:426,52
DA:427,52
DA:428,52
DA:429,52
DA:430,52
DA:431,52
DA:432,52
DA:433,52
DA:434,52
DA:435,52
DA:436,52
DA:437,52
DA:438,52
DA:439,52
DA:440,52
DA:442,52
DA:443,52
DA:444,13
DA:445,13
DA:446,13
DA:447,13
DA:449,52
DA:450,13
DA:452,52
DA:453,13
DA:455,52
DA:456,13
DA:458,52
DA:459,52
DA:460,52
DA:462,13
DA:463,13
DA:464,13
DA:465,13
DA:466,13
DA:467,13
DA:468,13
DA:469,13
DA:470,13
DA:471,13
DA:472,0
DA:473,0
DA:474,0
DA:475,0
DA:476,0
DA:477,0
DA:478,0
DA:480,0
DA:481,0
DA:483,13
DA:484,13
DA:485,13
DA:486,13
DA:487,13
DA:488,13
DA:489,13
DA:490,13
DA:492,13
DA:496,0
DA:497,0
DA:498,0
DA:500,0
DA:502,0
DA:503,0
DA:504,0
DA:505,0
DA:507,0
DA:508,0
DA:509,0
DA:511,0
DA:512,0
DA:513,0
DA:514,0
DA:515,0
DA:516,0
DA:517,0
DA:518,0
DA:519,0
DA:520,0
DA:521,0
DA:522,0
DA:524,0
DA:525,0
DA:526,0
DA:527,0
DA:528,0
DA:529,0
DA:530,0
DA:531,0
DA:532,0
DA:533,0
DA:534,0
DA:535,0
DA:536,0
DA:537,0
DA:539,0
DA:540,0
DA:542,0
DA:543,0
DA:545,0
DA:549,1
DA:551,13
DA:552,13
DA:554,13
DA:555,0
DA:556,0
DA:557,0
DA:558,0
DA:559,0
DA:560,13
DA:562,13
DA:563,0
DA:564,0
DA:565,0
DA:567,13
DA:568,13
DA:569,13
DA:570,13
DA:571,13
DA:572,13
DA:573,13
DA:574,13
DA:575,13
DA:576,13
DA:577,13
DA:578,13
DA:579,13
DA:580,13
DA:581,13
DA:582,13
DA:583,13
DA:584,13
DA:585,13
DA:586,13
DA:587,13
DA:588,13
DA:589,13
DA:590,13
DA:591,13
DA:593,13
DA:594,13
DA:595,0
DA:596,0
DA:597,0
DA:598,0
DA:599,0
DA:600,0
DA:602,0
DA:604,13
DA:606,13
DA:607,13
DA:609,13
DA:610,13
DA:611,13
DA:612,13
DA:613,13
DA:614,13
DA:615,13
DA:616,13
DA:617,13
DA:618,13
DA:619,13
DA:620,13
DA:621,13
DA:622,13
DA:623,13
DA:624,13
DA:625,13
DA:626,13
DA:627,13
DA:629,13
DA:630,13
DA:631,13
DA:632,13
DA:634,13
LF:531
LH:400
BRDA:39,0,0,23
BRDA:46,1,0,1
BRDA:46,2,0,22
BRDA:49,3,0,13
BRDA:49,4,0,9
BRDA:50,5,0,1
BRDA:50,6,0,21
BRDA:54,7,0,5
BRDA:55,8,0,17
BRDA:56,9,0,13
BRDA:57,10,0,4
BRDA:58,11,0,1
BRDA:59,12,0,3
BRDA:40,13,0,80
BRDA:41,14,0,80
BRDA:42,15,0,80
BRDA:43,16,0,80
BRDA:44,17,0,80
BRDA:50,18,0,1
BRDA:67,19,0,5
BRDA:77,20,0,0
BRDA:79,21,0,0
BRDA:80,22,0,0
BRDA:85,23,0,0
BRDA:166,24,0,0
BRDA:229,25,0,0
BRDA:230,26,0,0
BRDA:230,27,0,0
BRDA:235,28,0,0
BRDA:248,29,0,0
BRDA:248,30,0,0
BRDA:260,31,0,0
BRDA:266,32,0,0
BRDA:268,33,0,0
BRDA:69,34,0,18
BRDA:70,35,0,18
BRDA:71,36,0,18
BRDA:72,37,0,18
BRDA:73,38,0,18
BRDA:74,39,0,18
BRDA:97,40,0,1
BRDA:111,41,0,15
BRDA:119,42,0,5
BRDA:119,43,0,10
BRDA:120,44,0,5
BRDA:120,45,0,10
BRDA:140,46,0,15
BRDA:153,47,0,5
BRDA:153,48,0,10
BRDA:154,49,0,5
BRDA:154,50,0,10
BRDA:155,51,0,5
BRDA:155,52,0,10
BRDA:181,53,0,25
BRDA:191,54,0,5
BRDA:191,55,0,20
BRDA:192,56,0,5
BRDA:192,57,0,20
BRDA:193,58,0,5
BRDA:193,59,0,20
BRDA:202,60,0,5
BRDA:203,61,0,20
BRDA:203,62,0,5
BRDA:328,63,0,13
BRDA:337,64,0,0
BRDA:345,65,0,0
BRDA:347,66,0,0
BRDA:368,67,0,0
BRDA:372,68,0,9
BRDA:471,69,0,0
BRDA:329,70,0,47
BRDA:330,71,0,47
BRDA:331,72,0,47
BRDA:332,73,0,47
BRDA:334,74,0,13
BRDA:334,75,0,0
BRDA:372,76,0,3
BRDA:372,77,0,0
BRDA:377,78,0,39
BRDA:389,79,0,13
BRDA:389,80,0,26
BRDA:390,81,0,13
BRDA:390,82,0,26
BRDA:391,83,0,13
BRDA:391,84,0,26
BRDA:396,85,0,13
BRDA:402,86,0,13
BRDA:408,87,0,13
BRDA:382,88,0,2
BRDA:424,89,0,52
BRDA:436,90,0,13
BRDA:436,91,0,39
BRDA:437,92,0,13
BRDA:437,93,0,39
BRDA:438,94,0,13
BRDA:438,95,0,39
BRDA:443,96,0,13
BRDA:449,97,0,13
BRDA:452,98,0,13
BRDA:455,99,0,13
BRDA:429,100,0,3
BRDA:551,101,0,13
BRDA:571,102,0,13
BRDA:576,103,0,0
BRDA:585,104,0,0
BRDA:586,105,0,0
BRDA:587,106,0,0
BRDA:588,107,0,0
BRDA:589,108,0,0
BRDA:591,109,0,0
BRDA:594,110,0,0
BRF:111
BRH:82
end_of_record
TN:
SF:src/components/layout/SaveIndicator.tsx
FN:1,(empty-report)
FNF:1
FNH:0
FNDA:0,(empty-report)
DA:1,0
DA:2,0
DA:3,0
DA:4,0
DA:5,0
DA:6,0
DA:7,0
DA:12,0
DA:13,0
DA:14,0
DA:15,0
DA:16,0
DA:18,0
DA:19,0
DA:20,0
DA:21,0
DA:22,0
DA:23,0
DA:25,0
DA:26,0
DA:27,0
DA:28,0
DA:29,0
DA:31,0
DA:32,0
DA:33,0
DA:34,0
DA:35,0
DA:36,0
DA:37,0
DA:38,0
DA:39,0
DA:40,0
DA:41,0
DA:42,0
DA:43,0
DA:44,0
DA:45,0
DA:46,0
DA:47,0
DA:48,0
DA:49,0
DA:50,0
DA:51,0
DA:53,0
DA:54,0
DA:55,0
DA:56,0
DA:57,0
DA:58,0
DA:59,0
DA:60,0
DA:61,0
DA:62,0
DA:63,0
DA:64,0
DA:65,0
DA:66,0
DA:67,0
DA:68,0
DA:69,0
DA:70,0
DA:71,0
DA:72,0
DA:73,0
DA:74,0
DA:75,0
DA:76,0
DA:78,0
DA:79,0
DA:81,0
DA:82,0
DA:83,0
DA:84,0
DA:85,0
DA:86,0
DA:87,0
DA:88,0
DA:89,0
DA:90,0
DA:91,0
DA:92,0
DA:93,0
DA:94,0
DA:95,0
DA:96,0
DA:97,0
DA:99,0
DA:100,0
DA:101,0
DA:102,0
DA:103,0
DA:104,0
DA:105,0
DA:106,0
DA:107,0
DA:109,0
DA:110,0
DA:112,0
DA:113,0
DA:114,0
DA:115,0
DA:116,0
DA:117,0
DA:118,0
DA:119,0
DA:120,0
DA:121,0
DA:123,0
DA:125,0
LF:110
LH:0
BRDA:1,0,0,0
BRF:1
BRH:0
end_of_record
TN:
SF:src/components/layout/ViewSwitcher.tsx
FN:1,(empty-report)
FNF:1
FNH:0
FNDA:0,(empty-report)
DA:1,0
DA:2,0
DA:4,0
DA:13,0
DA:14,0
DA:15,0
DA:16,0
DA:17,0
DA:18,0
DA:20,0
DA:21,0
DA:22,0
DA:23,0
DA:24,0
DA:25,0
DA:37,0
DA:38,0
DA:39,0
DA:41,0
DA:43,0
DA:44,0
DA:46,0
DA:47,0
DA:49,0
DA:50,0
DA:51,0
DA:52,0
DA:53,0
DA:54,0
DA:55,0
DA:56,0
DA:57,0
DA:58,0
DA:59,0
DA:60,0
DA:61,0
DA:62,0
DA:63,0
DA:64,0
DA:65,0
DA:66,0
DA:67,0
DA:68,0
DA:69,0
DA:70,0
DA:71,0
DA:72,0
DA:73,0
DA:75,0
DA:76,0
DA:77,0
DA:78,0
DA:79,0
DA:80,0
DA:81,0
DA:82,0
DA:84,0
DA:85,0
DA:86,0
DA:87,0
DA:88,0
DA:89,0
DA:90,0
DA:91,0
DA:92,0
DA:93,0
DA:94,0
DA:95,0
DA:96,0
DA:97,0
DA:99,0
DA:100,0
DA:102,0
DA:103,0
DA:104,0
DA:105,0
DA:107,0
DA:110,0
DA:111,0
DA:112,0
DA:113,0
DA:114,0
DA:115,0
DA:116,0
DA:117,0
DA:119,0
DA:120,0
DA:122,0
DA:124,0
DA:126,0
DA:127,0
DA:128,0
DA:129,0
DA:130,0
DA:132,0
DA:133,0
DA:134,0
DA:135,0
DA:136,0
DA:137,0
DA:138,0
DA:139,0
DA:140,0
DA:141,0
DA:142,0
DA:143,0
DA:144,0
DA:145,0
DA:146,0
DA:147,0
DA:148,0
DA:149,0
DA:151,0
DA:152,0
DA:153,0
DA:154,0
DA:155,0
DA:156,0
DA:157,0
DA:158,0
DA:159,0
DA:160,0
DA:161,0
DA:162,0
DA:163,0
DA:164,0
DA:165,0
DA:166,0
DA:167,0
DA:168,0
DA:169,0
DA:170,0
DA:171,0
DA:172,0
DA:173,0
DA:176,0
DA:177,0
DA:178,0
DA:181,0
DA:182,0
DA:183,0
DA:184,0
DA:185,0
DA:186,0
DA:187,0
DA:188,0
DA:189,0
DA:190,0
DA:191,0
DA:192,0
DA:193,0
DA:195,0
DA:196,0
DA:197,0
DA:199,0
DA:200,0
DA:204,0
DA:205,0
DA:207,0
DA:208,0
DA:209,0
DA:210,0
DA:211,0
DA:213,0
DA:214,0
DA:215,0
DA:216,0
DA:217,0
DA:218,0
DA:220,0
DA:221,0
DA:222,0
DA:223,0
DA:224,0
DA:225,0
DA:226,0
DA:227,0
DA:228,0
DA:229,0
DA:230,0
DA:231,0
DA:232,0
DA:233,0
DA:234,0
DA:235,0
DA:237,0
DA:238,0
DA:239,0
DA:240,0
DA:241,0
DA:243,0
DA:244,0
DA:245,0
DA:246,0
DA:247,0
DA:249,0
DA:250,0
DA:251,0
DA:252,0
DA:253,0
DA:255,0
LF:201
LH:0
BRDA:1,0,0,0
BRF:1
BRH:0
end_of_record
TN:
SF:src/components/layout/highlighter/HighlighterPanel.tsx
FN:1,(empty-report)
FNF:1
FNH:0
FNDA:0,(empty-report)
DA:1,0
DA:2,0
DA:3,0
DA:4,0
DA:6,0
DA:8,0
DA:9,0
DA:10,0
DA:11,0
DA:12,0
DA:13,0
DA:15,0
DA:16,0
DA:20,0
DA:21,0
DA:22,0
DA:23,0
DA:24,0
DA:25,0
DA:27,0
DA:28,0
DA:29,0
DA:30,0
DA:31,0
DA:32,0
DA:33,0
DA:34,0
DA:35,0
DA:36,0
DA:37,0
DA:38,0
DA:39,0
DA:40,0
DA:41,0
DA:42,0
DA:43,0
DA:44,0
DA:45,0
DA:46,0
DA:47,0
DA:48,0
DA:49,0
DA:50,0
DA:51,0
DA:52,0
DA:54,0
DA:55,0
DA:58,0
DA:59,0
DA:60,0
DA:61,0
DA:62,0
DA:63,0
DA:64,0
DA:65,0
DA:66,0
DA:67,0
DA:68,0
DA:69,0
DA:70,0
DA:72,0
DA:73,0
DA:74,0
DA:75,0
DA:76,0
DA:77,0
DA:78,0
DA:79,0
DA:80,0
DA:82,0
DA:83,0
DA:84,0
DA:85,0
DA:86,0
DA:87,0
DA:88,0
DA:89,0
DA:90,0
DA:91,0
DA:92,0
DA:93,0
DA:94,0
DA:96,0
DA:97,0
DA:98,0
DA:99,0
DA:100,0
DA:101,0
DA:102,0
DA:103,0
DA:104,0
DA:106,0
DA:107,0
DA:108,0
DA:109,0
DA:110,0
DA:111,0
DA:112,0
DA:114,0
DA:118,0
DA:119,0
DA:120,0
DA:121,0
DA:122,0
DA:124,0
DA:125,0
DA:126,0
DA:127,0
DA:128,0
DA:129,0
DA:130,0
DA:132,0
DA:133,0
DA:134,0
DA:139,0
DA:140,0
DA:141,0
DA:142,0
DA:143,0
DA:144,0
DA:146,0
DA:147,0
DA:148,0
DA:149,0
DA:150,0
DA:151,0
DA:153,0
DA:157,0
DA:168,0
DA:169,0
DA:170,0
DA:171,0
DA:172,0
DA:173,0
DA:174,0
DA:175,0
DA:176,0
DA:177,0
DA:178,0
DA:179,0
DA:180,0
DA:181,0
DA:182,0
DA:183,0
DA:184,0
DA:185,0
DA:186,0
DA:187,0
DA:188,0
DA:189,0
DA:190,0
DA:191,0
DA:192,0
DA:193,0
DA:194,0
DA:195,0
DA:196,0
DA:197,0
DA:198,0
DA:199,0
DA:200,0
DA:201,0
DA:202,0
DA:203,0
DA:204,0
DA:205,0
DA:206,0
DA:207,0
DA:208,0
DA:209,0
DA:210,0
DA:211,0
DA:212,0
DA:213,0
DA:214,0
DA:215,0
DA:216,0
DA:217,0
DA:218,0
DA:219,0
DA:220,0
DA:221,0
DA:223,0
DA:224,0
DA:225,0
DA:226,0
DA:227,0
DA:231,0
DA:233,0
DA:235,0
DA:236,0
DA:237,0
DA:238,0
DA:239,0
DA:240,0
DA:241,0
DA:242,0
DA:243,0
DA:244,0
DA:245,0
DA:246,0
DA:247,0
DA:248,0
DA:249,0
DA:250,0
DA:251,0
DA:252,0
DA:253,0
DA:254,0
DA:255,0
DA:256,0
DA:257,0
DA:258,0
DA:259,0
DA:260,0
DA:261,0
DA:262,0
DA:265,0
DA:266,0
DA:267,0
DA:268,0
DA:269,0
DA:270,0
DA:271,0
DA:272,0
DA:274,0
DA:275,0
DA:277,0
DA:278,0
DA:279,0
DA:280,0
DA:281,0
DA:282,0
DA:283,0
DA:284,0
DA:285,0
DA:286,0
DA:288,0
DA:289,0
DA:291,0
DA:292,0
DA:294,0
DA:295,0
DA:296,0
DA:297,0
DA:298,0
DA:299,0
DA:300,0
DA:301,0
DA:302,0
DA:303,0
DA:305,0
DA:306,0
DA:308,0
DA:309,0
DA:310,0
DA:311,0
DA:312,0
DA:313,0
DA:314,0
DA:316,0
DA:317,0
DA:318,0
DA:321,0
DA:322,0
DA:323,0
DA:324,0
DA:325,0
DA:326,0
DA:327,0
DA:328,0
DA:329,0
DA:331,0
DA:332,0
DA:333,0
DA:334,0
DA:335,0
DA:336,0
DA:337,0
DA:338,0
DA:339,0
DA:340,0
DA:341,0
DA:342,0
DA:343,0
DA:344,0
DA:345,0
DA:346,0
DA:347,0
DA:348,0
DA:349,0
DA:350,0
DA:351,0
DA:352,0
DA:353,0
DA:354,0
DA:355,0
DA:356,0
DA:357,0
DA:358,0
DA:359,0
DA:360,0
DA:361,0
DA:362,0
DA:364,0
DA:365,0
DA:366,0
DA:367,0
DA:368,0
DA:369,0
DA:370,0
DA:371,0
DA:372,0
DA:373,0
DA:374,0
DA:375,0
DA:376,0
DA:377,0
DA:378,0
DA:379,0
DA:380,0
DA:381,0
DA:382,0
DA:383,0
DA:384,0
DA:385,0
DA:387,0
DA:388,0
DA:390,0
DA:392,0
DA:393,0
DA:396,0
DA:397,0
DA:398,0
DA:399,0
DA:400,0
DA:401,0
DA:402,0
DA:403,0
DA:404,0
DA:405,0
DA:406,0
DA:409,0
DA:410,0
DA:411,0
DA:412,0
DA:413,0
DA:414,0
DA:415,0
DA:416,0
DA:417,0
DA:418,0
DA:419,0
DA:420,0
DA:421,0
DA:422,0
DA:423,0
DA:424,0
DA:425,0
DA:426,0
DA:427,0
DA:428,0
DA:429,0
DA:430,0
DA:431,0
DA:432,0
DA:433,0
DA:434,0
DA:435,0
DA:436,0
DA:437,0
DA:440,0
DA:441,0
DA:442,0
DA:443,0
DA:444,0
DA:445,0
DA:446,0
DA:447,0
DA:448,0
DA:449,0
DA:450,0
DA:452,0
DA:453,0
DA:454,0
DA:457,0
DA:458,0
DA:459,0
DA:460,0
DA:461,0
DA:462,0
DA:463,0
DA:464,0
DA:466,0
DA:467,0
DA:468,0
DA:469,0
DA:470,0
DA:471,0
DA:472,0
DA:473,0
DA:475,0
DA:476,0
DA:477,0
DA:478,0
DA:479,0
DA:480,0
DA:481,0
DA:482,0
DA:483,0
DA:484,0
DA:485,0
DA:486,0
DA:487,0
DA:488,0
DA:489,0
DA:490,0
DA:491,0
DA:492,0
DA:493,0
DA:494,0
DA:495,0
DA:496,0
DA:497,0
DA:498,0
DA:500,0
DA:502,0
DA:504,0
DA:505,0
DA:506,0
DA:507,0
DA:508,0
DA:509,0
DA:510,0
DA:511,0
DA:512,0
DA:513,0
DA:514,0
DA:515,0
DA:516,0
DA:517,0
DA:519,0
DA:521,0
DA:522,0
DA:523,0
DA:524,0
DA:525,0
DA:526,0
DA:527,0
DA:528,0
DA:529,0
DA:531,0
DA:532,0
DA:533,0
DA:534,0
DA:535,0
DA:536,0
DA:537,0
DA:538,0
DA:539,0
DA:540,0
DA:541,0
DA:542,0
DA:543,0
DA:544,0
DA:545,0
DA:546,0
DA:547,0
DA:548,0
DA:549,0
DA:550,0
DA:551,0
DA:552,0
DA:553,0
DA:554,0
DA:555,0
DA:556,0
DA:557,0
DA:558,0
DA:559,0
DA:560,0
DA:561,0
DA:562,0
DA:563,0
DA:564,0
DA:565,0
DA:567,0
DA:568,0
DA:569,0
DA:570,0
DA:571,0
DA:572,0
DA:573,0
DA:574,0
DA:575,0
DA:576,0
DA:578,0
DA:579,0
DA:580,0
DA:581,0
DA:582,0
DA:583,0
DA:584,0
DA:586,0
DA:587,0
DA:588,0
DA:590,0
DA:591,0
DA:592,0
DA:593,0
DA:594,0
DA:595,0
DA:596,0
DA:597,0
DA:598,0
DA:600,0
DA:602,0
DA:603,0
DA:604,0
DA:605,0
DA:606,0
DA:607,0
DA:608,0
DA:609,0
DA:610,0
DA:611,0
DA:612,0
DA:613,0
DA:614,0
DA:616,0
DA:617,0
DA:618,0
DA:619,0
DA:620,0
DA:621,0
DA:622,0
DA:623,0
DA:624,0
DA:625,0
DA:626,0
DA:627,0
DA:628,0
DA:629,0
DA:630,0
DA:631,0
DA:632,0
DA:633,0
DA:634,0
DA:636,0
DA:637,0
DA:639,0
DA:640,0
DA:642,0
LF:553
LH:0
BRDA:1,0,0,0
BRF:1
BRH:0
end_of_record
TN:
SF:src/components/layout/right-panel/GroupProperties.tsx
FN:8,GroupProperties
FN:30,removeMember
FN:34,addMember
FN:54,onClick
FN:75,onCommit
FN:100,onClick
FN:119,onChange
FN:144,onClick
FNF:8
FNH:1
FNDA:1,GroupProperties
FNDA:0,removeMember
FNDA:0,addMember
FNDA:0,onClick
FNDA:0,onCommit
FNDA:0,onClick
FNDA:0,onChange
FNDA:0,onClick
DA:1,1
DA:2,1
DA:4,1
DA:5,1
DA:6,1
DA:8,1
DA:9,1
DA:10,1
DA:11,1
DA:12,1
DA:13,1
DA:15,1
DA:17,1
DA:19,1
DA:20,1
DA:21,1
DA:23,1
DA:24,1
DA:25,1
DA:26,2
DA:27,1
DA:28,1
DA:30,1
DA:31,0
DA:32,0
DA:34,1
DA:35,0
DA:36,0
DA:37,0
DA:39,1
DA:40,1
DA:42,1
DA:43,1
DA:44,1
DA:45,1
DA:46,1
DA:47,1
DA:48,1
DA:49,1
DA:50,1
DA:52,1
DA:53,1
DA:54,1
DA:55,1
DA:56,1
DA:57,1
DA:58,1
DA:60,1
DA:61,1
DA:62,1
DA:63,1
DA:64,1
DA:65,1
DA:67,1
DA:69,1
DA:70,1
DA:71,1
DA:72,1
DA:73,1
DA:74,1
DA:75,1
DA:76,1
DA:77,1
DA:80,1
DA:81,1
DA:82,1
DA:83,0
DA:85,1
DA:86,1
DA:87,1
DA:88,1
DA:89,1
DA:90,1
DA:91,1
DA:92,1
DA:93,1
DA:94,1
DA:95,1
DA:96,1
DA:97,1
DA:98,1
DA:99,1
DA:100,1
DA:101,1
DA:102,1
DA:103,1
DA:105,1
DA:106,1
DA:107,1
DA:108,1
DA:109,1
DA:111,1
DA:114,1
DA:115,1
DA:116,1
DA:117,1
DA:118,1
DA:119,1
DA:120,1
DA:121,1
DA:122,1
DA:123,1
DA:124,1
DA:125,1
DA:126,1
DA:127,1
DA:128,1
DA:129,1
DA:130,1
DA:131,1
DA:132,1
DA:133,1
DA:134,1
DA:135,1
DA:136,1
DA:137,1
DA:138,1
DA:139,1
DA:140,1
DA:141,1
DA:142,1
DA:143,1
DA:144,1
DA:145,1
DA:146,1
DA:147,1
DA:148,1
DA:149,1
DA:150,1
DA:151,1
DA:152,1
DA:153,1
DA:154,1
DA:155,1
DA:156,1
DA:157,1
DA:158,1
DA:159,1
DA:161,1
DA:162,1
DA:163,1
DA:164,1
DA:165,1
DA:166,1
DA:168,1
DA:169,1
DA:170,1
DA:172,1
LF:148
LH:142
BRDA:8,0,0,1
BRDA:17,1,0,0
BRDA:82,2,0,0
BRDA:126,3,0,0
BRDA:9,4,0,3
BRDA:10,5,0,3
BRDA:11,6,0,3
BRDA:12,7,0,3
BRDA:15,8,0,1
BRDA:15,9,0,0
BRDA:20,10,0,1
BRDA:25,11,0,2
BRDA:26,12,0,1
BRDA:27,13,0,0
BRDA:27,14,0,0
BRDA:86,15,0,1
BRDA:95,16,0,0
BRDA:141,17,0,1
BRDA:161,18,0,0
BRF:19
BRH:11
end_of_record
TN:
SF:src/components/layout/right-panel/fields.tsx
FN:4,FieldLabel
FN:12,EditableField
FN:35,handleChange
FN:40,handleBlur
FN:45,handleKeyDown
FN:63,focusField
FN:72,onChange
FN:91,onChange
FN:115,useTechnologySuggestions
FN:120,bump
FN:149,splitTokens
FN:161,joinTokens
FN:165,appendTechnologyTokens
FN:184,TechnologyField
FN:213,commitTokens
FN:219,addToken
FN:226,removeToken
FN:231,handleDraftChange
FN:246,handleBlur
FN:253,handleKeyDown
FN:286,onClick
FN:320,onClick
FN:341,onChange
FN:342,onFocus
FN:407,useOwnerSuggestions
FN:412,bump
FN:433,OwnerField
FN:459,commit
FN:465,choose
FN:472,handleBlur
FN:479,handleKeyDown
FN:513,onMouseDown
FN:514,onTouchStart
FN:530,onChange
FN:531,onFocus
FN:548,onMouseDown
FNF:36
FNH:19
FNDA:111,FieldLabel
FNDA:42,EditableField
FNDA:0,handleChange
FNDA:0,handleBlur
FNDA:0,handleKeyDown
FNDA:0,focusField
FNDA:0,onChange
FNDA:0,onChange
FNDA:35,useTechnologySuggestions
FNDA:13,bump
FNDA:38,splitTokens
FNDA:3,joinTokens
FNDA:4,appendTechnologyTokens
FNDA:35,TechnologyField
FNDA:3,commitTokens
FNDA:1,addToken
FNDA:0,removeToken
FNDA:22,handleDraftChange
FNDA:1,handleBlur
FNDA:23,handleKeyDown
FNDA:2,onClick
FNDA:0,onClick
FNDA:22,onChange
FNDA:2,onFocus
FNDA:5,useOwnerSuggestions
FNDA:10,bump
FNDA:5,OwnerField
FNDA:0,commit
FNDA:0,choose
FNDA:0,handleBlur
FNDA:0,handleKeyDown
FNDA:0,onMouseDown
FNDA:0,onTouchStart
FNDA:0,onChange
FNDA:0,onFocus
FNDA:0,onMouseDown
DA:1,1
DA:2,1
DA:4,1
DA:5,111
DA:6,111
DA:7,111
DA:8,111
DA:10,111
DA:12,1
DA:13,42
DA:14,42
DA:15,42
DA:16,42
DA:17,42
DA:18,42
DA:19,42
DA:20,42
DA:21,42
DA:30,42
DA:31,42
DA:32,42
DA:33,42
DA:35,42
DA:36,0
DA:37,0
DA:38,0
DA:40,42
DA:41,0
DA:42,0
DA:43,0
DA:45,42
DA:46,0
DA:47,0
DA:48,0
DA:49,0
DA:50,0
DA:51,0
DA:52,0
DA:53,0
DA:54,0
DA:55,0
DA:57,42
DA:58,42
DA:59,42
DA:60,42
DA:61,42
DA:63,42
DA:64,0
DA:65,0
DA:66,0
DA:68,42
DA:69,5
DA:70,5
DA:71,5
DA:72,5
DA:73,5
DA:74,5
DA:75,5
DA:76,5
DA:77,5
DA:78,5
DA:79,5
DA:80,5
DA:81,5
DA:82,5
DA:83,5
DA:85,5
DA:87,37
DA:88,37
DA:89,37
DA:90,37
DA:91,37
DA:92,37
DA:93,37
DA:94,37
DA:95,37
DA:96,37
DA:97,37
DA:98,37
DA:99,37
DA:100,37
DA:101,37
DA:103,37
DA:115,35
DA:116,35
DA:117,35
DA:118,13
DA:119,13
DA:120,13
DA:121,13
DA:122,12
DA:123,5
DA:124,5
DA:125,5
DA:126,5
DA:127,5
DA:128,0
DA:129,5
DA:130,5
DA:131,5
DA:132,5
DA:133,13
DA:134,13
DA:135,0
DA:136,0
DA:137,0
DA:138,0
DA:139,0
DA:140,0
DA:141,13
DA:142,13
DA:143,13
DA:144,13
DA:145,13
DA:146,35
DA:147,35
DA:149,38
DA:150,38
DA:151,38
DA:152,47
DA:153,47
DA:154,28
DA:155,46
DA:156,28
DA:157,28
DA:158,38
DA:159,38
DA:161,3
DA:162,3
DA:163,3
DA:165,4
DA:166,4
DA:167,4
DA:168,4
DA:169,4
DA:170,4
DA:171,4
DA:172,4
DA:173,3
DA:174,3
DA:175,3
DA:176,4
DA:177,4
DA:184,1
DA:194,35
DA:195,35
DA:196,35
DA:197,35
DA:198,35
DA:199,35
DA:200,35
DA:202,35
DA:203,35
DA:205,35
DA:206,16
DA:207,16
DA:208,16
DA:209,19
DA:211,35
DA:213,35
DA:214,3
DA:215,3
DA:216,3
DA:217,3
DA:219,35
DA:220,1
DA:221,1
DA:222,1
DA:223,1
DA:224,1
DA:226,35
DA:227,0
DA:228,0
DA:229,0
DA:231,35
DA:233,22
DA:234,3
DA:235,3
DA:236,3
DA:237,3
DA:238,3
DA:239,3
DA:240,3
DA:241,3
DA:242,19
DA:243,19
DA:244,22
DA:246,35
DA:247,1
DA:248,1
DA:249,1
DA:250,1
DA:251,1
DA:253,35
DA:254,23
DA:255,0
DA:256,0
DA:257,0
DA:258,0
DA:259,0
DA:260,0
DA:261,0
DA:262,23
DA:263,0
DA:264,0
DA:265,0
DA:266,0
DA:267,0
DA:268,0
DA:269,0
DA:270,0
DA:271,23
DA:272,0
DA:273,0
DA:274,0
DA:275,0
DA:276,23
DA:277,0
DA:278,0
DA:279,0
DA:280,0
DA:281,23
DA:283,35
DA:284,35
DA:285,35
DA:286,35
DA:287,35
DA:288,35
DA:289,35
DA:290,35
DA:291,35
DA:292,35
DA:293,35
DA:294,35
DA:295,35
DA:296,35
DA:297,35
DA:298,35
DA:299,35
DA:300,35
DA:302,35
DA:303,24
DA:304,24
DA:305,24
DA:306,24
DA:307,24
DA:308,24
DA:309,24
DA:310,24
DA:311,24
DA:312,24
DA:313,24
DA:314,24
DA:315,24
DA:317,24
DA:318,24
DA:319,24
DA:320,24
DA:321,24
DA:322,24
DA:323,24
DA:324,24
DA:325,24
DA:326,24
DA:327,24
DA:328,24
DA:329,24
DA:330,24
DA:331,24
DA:332,24
DA:334,24
DA:335,24
DA:336,35
DA:337,35
DA:338,35
DA:339,35
DA:340,35
DA:341,35
DA:342,35
DA:343,35
DA:344,35
DA:345,35
DA:346,35
DA:347,35
DA:348,35
DA:349,35
DA:350,35
DA:351,35
DA:352,35
DA:353,35
DA:354,35
DA:355,35
DA:356,35
DA:357,35
DA:358,0
DA:359,0
DA:360,0
DA:361,0
DA:362,0
DA:363,0
DA:364,0
DA:365,0
DA:366,0
DA:367,0
DA:368,0
DA:369,0
DA:370,0
DA:371,0
DA:372,0
DA:373,0
DA:375,0
DA:376,0
DA:377,0
DA:378,0
DA:379,0
DA:380,0
DA:381,0
DA:382,0
DA:383,0
DA:384,0
DA:385,0
DA:387,0
DA:388,0
DA:389,0
DA:390,0
DA:391,0
DA:392,0
DA:393,0
DA:394,0
DA:395,0
DA:397,35
DA:399,35
DA:407,5
DA:408,5
DA:409,5
DA:410,5
DA:411,5
DA:412,5
DA:413,10
DA:414,0
DA:415,0
DA:416,0
DA:417,0
DA:418,0
DA:419,0
DA:420,10
DA:421,5
DA:422,5
DA:423,5
DA:424,5
DA:425,0
DA:426,0
DA:427,0
DA:428,5
DA:429,5
DA:430,5
DA:431,5
DA:433,1
DA:439,5
DA:440,5
DA:441,5
DA:442,5
DA:443,5
DA:444,5
DA:445,5
DA:449,5
DA:451,5
DA:452,5
DA:453,5
DA:454,0
DA:455,5
DA:457,5
DA:459,5
DA:460,0
DA:461,0
DA:462,0
DA:463,0
DA:465,5
DA:466,0
DA:467,0
DA:468,0
DA:469,0
DA:470,0
DA:472,5
DA:473,0
DA:474,0
DA:475,0
DA:476,0
DA:477,0
DA:479,5
DA:480,0
DA:481,0
DA:482,0
DA:483,0
DA:484,0
DA:485,0
DA:486,0
DA:487,0
DA:488,0
DA:489,0
DA:490,0
DA:491,0
DA:492,0
DA:493,0
DA:494,0
DA:495,0
DA:496,0
DA:497,0
DA:498,0
DA:499,0
DA:500,0
DA:501,0
DA:503,5
DA:504,5
DA:505,5
DA:506,5
DA:513,5
DA:514,5
DA:515,5
DA:516,5
DA:517,5
DA:518,5
DA:519,5
DA:520,5
DA:521,5
DA:522,5
DA:523,5
DA:524,5
DA:526,5
DA:527,5
DA:528,5
DA:529,5
DA:530,5
DA:531,5
DA:532,5
DA:533,5
DA:534,5
DA:535,5
DA:536,5
DA:537,5
DA:538,5
DA:539,5
DA:540,5
DA:541,5
DA:542,5
DA:543,5
DA:544,5
DA:545,5
DA:546,0
DA:547,0
DA:548,0
DA:549,0
DA:550,0
DA:551,0
DA:552,0
DA:553,0
DA:554,0
DA:555,0
DA:557,0
DA:559,5
DA:560,0
DA:561,0
DA:562,0
DA:563,0
DA:564,0
DA:565,0
DA:566,0
DA:567,0
DA:568,0
DA:569,0
DA:570,0
DA:571,0
DA:572,0
DA:573,0
DA:574,0
DA:575,0
DA:577,0
DA:578,0
DA:579,0
DA:580,0
DA:581,0
DA:582,0
DA:583,0
DA:584,0
DA:585,0
DA:586,0
DA:587,0
DA:588,0
DA:589,0
DA:590,0
DA:591,0
DA:593,0
DA:594,0
DA:595,0
DA:596,0
DA:597,0
DA:598,0
DA:599,0
DA:600,0
DA:601,0
DA:603,5
DA:605,5
LF:502
LH:317
BRDA:4,0,0,111
BRDA:12,1,0,42
BRDA:33,2,0,0
BRDA:58,3,0,0
BRDA:59,4,0,0
BRDA:68,5,0,5
BRDA:85,6,0,37
BRDA:115,7,0,35
BRDA:116,8,0,113
BRDA:117,9,0,13
BRDA:118,10,0,0
BRDA:134,11,0,0
BRDA:120,12,0,13
BRDA:121,13,0,9
BRDA:121,14,0,12
BRDA:121,15,0,4
BRDA:122,16,0,5
BRDA:124,17,0,0
BRDA:127,18,0,0
BRDA:132,19,0,4
BRDA:145,20,0,1
BRDA:149,21,0,38
BRDA:151,22,0,47
BRDA:153,23,0,19
BRDA:153,24,0,46
BRDA:153,25,0,28
BRDA:155,26,0,0
BRDA:155,27,0,28
BRDA:161,28,0,3
BRDA:165,29,0,4
BRDA:170,30,0,0
BRDA:172,31,0,1
BRDA:172,32,0,3
BRDA:167,33,0,3
BRDA:184,34,0,35
BRDA:205,35,0,16
BRDA:208,36,0,19
BRDA:211,37,0,24
BRDA:289,38,0,24
BRDA:289,39,0,11
BRDA:290,40,0,24
BRDA:290,41,0,11
BRDA:345,42,0,19
BRDA:345,43,0,16
BRDA:357,44,0,0
BRDA:203,45,0,24
BRDA:207,46,0,12
BRDA:207,47,0,5
BRDA:209,48,0,12
BRDA:213,49,0,3
BRDA:215,50,0,0
BRDA:219,51,0,1
BRDA:231,52,0,22
BRDA:233,53,0,3
BRDA:235,54,0,0
BRDA:237,55,0,2
BRDA:241,56,0,19
BRDA:246,57,0,1
BRDA:248,58,0,0
BRDA:253,59,0,23
BRDA:254,60,0,0
BRDA:254,61,0,0
BRDA:262,62,0,0
BRDA:271,63,0,0
BRDA:271,64,0,0
BRDA:271,65,0,0
BRDA:276,66,0,0
BRDA:286,67,0,2
BRDA:302,68,0,24
BRDA:341,69,0,22
BRDA:342,70,0,2
BRDA:407,71,0,5
BRDA:408,72,0,18
BRDA:409,73,0,5
BRDA:410,74,0,0
BRDA:424,75,0,0
BRDA:412,76,0,10
BRDA:413,77,0,0
BRDA:433,78,0,5
BRDA:457,79,0,0
BRDA:516,80,0,0
BRDA:517,81,0,0
BRDA:545,82,0,0
BRDA:559,83,0,0
BRDA:449,84,0,5
BRDA:451,85,0,5
BRDA:453,86,0,0
BRF:87
BRH:58
end_of_record
TN:
SF:src/components/search/SearchDialog.tsx
FN:1,(empty-report)
FNF:1
FNH:0
FNDA:0,(empty-report)
DA:1,0
DA:2,0
DA:4,0
DA:5,0
DA:6,0
DA:8,0
DA:9,0
DA:10,0
DA:11,0
DA:12,0
DA:13,0
DA:19,0
DA:20,0
DA:21,0
DA:22,0
DA:23,0
DA:24,0
DA:25,0
DA:26,0
DA:27,0
DA:28,0
DA:30,0
DA:31,0
DA:32,0
DA:34,0
DA:37,0
DA:38,0
DA:39,0
DA:40,0
DA:41,0
DA:42,0
DA:43,0
DA:44,0
DA:45,0
DA:46,0
DA:47,0
DA:49,0
DA:50,0
DA:51,0
DA:52,0
DA:55,0
DA:57,0
DA:59,0
DA:61,0
DA:62,0
DA:63,0
DA:64,0
DA:65,0
DA:66,0
DA:67,0
DA:68,0
DA:69,0
DA:71,0
DA:72,0
DA:75,0
DA:76,0
DA:77,0
DA:78,0
DA:79,0
DA:80,0
DA:81,0
DA:82,0
DA:84,0
DA:85,0
DA:88,0
DA:90,0
DA:91,0
DA:92,0
DA:93,0
DA:94,0
DA:95,0
DA:96,0
DA:97,0
DA:99,0
DA:100,0
DA:101,0
DA:102,0
DA:103,0
DA:104,0
DA:105,0
DA:106,0
DA:107,0
DA:108,0
DA:109,0
DA:110,0
DA:111,0
DA:112,0
DA:114,0
DA:115,0
DA:116,0
DA:118,0
DA:119,0
DA:120,0
DA:122,0
DA:124,0
DA:125,0
DA:126,0
DA:127,0
DA:128,0
DA:129,0
DA:130,0
DA:131,0
DA:132,0
DA:135,0
DA:136,0
DA:137,0
DA:138,0
DA:139,0
DA:140,0
DA:141,0
DA:142,0
DA:143,0
DA:144,0
DA:145,0
DA:146,0
DA:147,0
DA:148,0
DA:149,0
DA:150,0
DA:151,0
DA:152,0
DA:154,0
DA:155,0
DA:156,0
DA:159,0
DA:160,0
DA:161,0
DA:162,0
DA:163,0
DA:164,0
DA:165,0
DA:166,0
DA:167,0
DA:168,0
DA:169,0
DA:170,0
DA:171,0
DA:173,0
DA:174,0
DA:175,0
DA:176,0
DA:177,0
DA:178,0
DA:179,0
DA:180,0
DA:181,0
DA:182,0
DA:183,0
DA:184,0
DA:185,0
DA:186,0
DA:187,0
DA:188,0
DA:189,0
DA:190,0
DA:192,0
DA:193,0
DA:194,0
DA:195,0
DA:197,0
DA:200,0
DA:201,0
DA:202,0
DA:203,0
DA:204,0
DA:206,0
DA:207,0
DA:208,0
DA:209,0
DA:210,0
DA:211,0
DA:212,0
DA:213,0
DA:214,0
DA:215,0
DA:216,0
DA:217,0
DA:218,0
DA:220,0
DA:221,0
DA:222,0
DA:223,0
DA:224,0
DA:225,0
DA:226,0
DA:227,0
DA:228,0
DA:229,0
DA:230,0
DA:232,0
DA:233,0
DA:234,0
DA:235,0
DA:236,0
DA:238,0
DA:239,0
DA:240,0
DA:241,0
DA:242,0
DA:243,0
DA:244,0
DA:245,0
DA:246,0
DA:247,0
DA:249,0
DA:250,0
DA:252,0
DA:253,0
DA:255,0
DA:256,0
DA:257,0
DA:260,0
DA:261,0
DA:262,0
DA:264,0
DA:265,0
DA:266,0
DA:267,0
DA:268,0
DA:269,0
DA:270,0
DA:271,0
DA:272,0
DA:273,0
DA:274,0
DA:276,0
LF:226
LH:0
BRDA:1,0,0,0
BRF:1
BRH:0
end_of_record
TN:
SF:src/components/settings/CanvasSettingsDialog.tsx
FN:1,(empty-report)
FNF:1
FNH:0
FNDA:0,(empty-report)
DA:1,0
DA:2,0
DA:3,0
DA:4,0
DA:5,0
DA:6,0
DA:8,0
DA:9,0
DA:11,0
DA:12,0
DA:13,0
DA:14,0
DA:15,0
DA:16,0
DA:17,0
DA:18,0
DA:19,0
DA:20,0
DA:21,0
DA:23,0
DA:24,0
DA:27,0
DA:28,0
DA:29,0
DA:30,0
DA:31,0
DA:32,0
DA:33,0
DA:34,0
DA:36,0
DA:38,0
DA:39,0
DA:40,0
DA:41,0
DA:42,0
DA:43,0
DA:45,0
DA:46,0
DA:47,0
DA:50,0
DA:52,0
DA:53,0
DA:54,0
DA:55,0
DA:57,0
DA:58,0
DA:59,0
DA:60,0
DA:61,0
DA:62,0
DA:63,0
DA:64,0
DA:65,0
DA:66,0
DA:67,0
DA:68,0
DA:69,0
DA:70,0
DA:71,0
DA:72,0
DA:73,0
DA:74,0
DA:75,0
DA:77,0
DA:78,0
DA:79,0
DA:80,0
DA:81,0
DA:82,0
DA:83,0
DA:84,0
DA:87,0
DA:88,0
DA:89,0
DA:91,0
DA:92,0
DA:93,0
DA:94,0
DA:95,0
DA:96,0
DA:97,0
DA:98,0
DA:99,0
DA:100,0
DA:103,0
DA:104,0
DA:105,0
DA:107,0
DA:108,0
DA:109,0
DA:110,0
DA:111,0
DA:114,0
DA:115,0
DA:116,0
DA:118,0
DA:119,0
DA:120,0
DA:121,0
DA:122,0
DA:125,0
DA:126,0
DA:127,0
DA:129,0
DA:130,0
DA:131,0
DA:132,0
DA:133,0
DA:134,0
DA:137,0
DA:138,0
DA:139,0
DA:140,0
DA:141,0
DA:142,0
DA:143,0
DA:144,0
DA:146,0
DA:147,0
DA:149,0
DA:153,0
DA:154,0
DA:155,0
DA:156,0
DA:157,0
DA:161,0
DA:162,0
DA:163,0
DA:164,0
DA:165,0
DA:166,0
DA:167,0
DA:168,0
DA:169,0
DA:170,0
DA:171,0
DA:172,0
DA:173,0
DA:175,0
DA:177,0
DA:178,0
DA:179,0
DA:180,0
DA:181,0
DA:185,0
DA:186,0
DA:187,0
DA:188,0
DA:189,0
DA:190,0
DA:191,0
DA:192,0
DA:193,0
DA:194,0
DA:195,0
DA:197,0
DA:198,0
DA:199,0
DA:200,0
DA:201,0
DA:202,0
DA:203,0
DA:204,0
DA:205,0
DA:206,0
DA:207,0
DA:208,0
DA:209,0
DA:210,0
DA:211,0
DA:212,0
DA:213,0
DA:215,0
DA:216,0
DA:217,0
DA:218,0
DA:220,0
DA:222,0
DA:223,0
DA:224,0
DA:225,0
DA:226,0
DA:227,0
DA:228,0
DA:229,0
DA:230,0
DA:231,0
DA:232,0
DA:233,0
DA:234,0
DA:235,0
DA:236,0
DA:237,0
DA:238,0
DA:239,0
DA:241,0
DA:242,0
DA:243,0
DA:244,0
DA:245,0
DA:246,0
DA:247,0
DA:248,0
DA:249,0
DA:250,0
DA:251,0
DA:252,0
DA:253,0
DA:255,0
DA:259,0
DA:260,0
DA:261,0
DA:262,0
DA:263,0
DA:264,0
DA:265,0
DA:266,0
DA:267,0
DA:268,0
DA:269,0
DA:270,0
DA:271,0
DA:272,0
DA:274,0
DA:275,0
DA:276,0
DA:277,0
DA:278,0
DA:279,0
DA:280,0
DA:281,0
DA:282,0
DA:283,0
DA:285,0
DA:286,0
DA:287,0
DA:288,0
DA:289,0
DA:290,0
DA:291,0
DA:292,0
DA:293,0
DA:294,0
DA:295,0
DA:296,0
DA:297,0
DA:298,0
DA:299,0
DA:300,0
DA:301,0
DA:302,0
DA:304,0
DA:305,0
DA:306,0
DA:307,0
DA:308,0
DA:309,0
DA:310,0
DA:311,0
DA:312,0
DA:313,0
DA:314,0
DA:315,0
DA:317,0
DA:319,0
DA:320,0
DA:321,0
DA:322,0
DA:325,0
DA:326,0
DA:327,0
DA:328,0
DA:329,0
DA:331,0
DA:332,0
DA:333,0
DA:334,0
DA:335,0
DA:336,0
DA:337,0
DA:338,0
DA:339,0
DA:340,0
DA:341,0
DA:343,0
DA:344,0
DA:345,0
DA:346,0
DA:347,0
DA:348,0
DA:349,0
DA:350,0
DA:351,0
DA:352,0
DA:353,0
DA:354,0
DA:355,0
DA:356,0
DA:357,0
DA:358,0
DA:359,0
DA:360,0
DA:362,0
DA:363,0
DA:364,0
DA:365,0
DA:366,0
DA:367,0
DA:368,0
DA:369,0
DA:370,0
DA:371,0
DA:372,0
DA:373,0
DA:374,0
DA:375,0
DA:376,0
DA:377,0
DA:378,0
DA:379,0
DA:380,0
DA:381,0
DA:382,0
DA:383,0
DA:385,0
DA:386,0
DA:387,0
DA:388,0
DA:389,0
DA:390,0
DA:391,0
DA:392,0
DA:393,0
DA:394,0
DA:395,0
DA:396,0
DA:397,0
DA:398,0
DA:399,0
DA:400,0
DA:401,0
DA:402,0
DA:403,0
DA:404,0
DA:405,0
DA:406,0
DA:407,0
DA:408,0
DA:409,0
DA:411,0
DA:412,0
DA:413,0
DA:414,0
DA:415,0
DA:416,0
DA:417,0
DA:418,0
DA:419,0
DA:420,0
DA:422,0
DA:423,0
DA:424,0
DA:425,0
DA:426,0
DA:427,0
DA:428,0
DA:429,0
DA:430,0
DA:432,0
DA:433,0
DA:434,0
DA:435,0
DA:436,0
DA:437,0
DA:438,0
DA:439,0
DA:440,0
DA:441,0
DA:442,0
DA:443,0
DA:444,0
DA:445,0
DA:446,0
DA:447,0
DA:448,0
DA:449,0
DA:450,0
DA:451,0
DA:452,0
DA:453,0
DA:454,0
DA:455,0
DA:456,0
DA:457,0
DA:458,0
DA:459,0
DA:460,0
DA:461,0
DA:462,0
DA:463,0
DA:464,0
DA:465,0
DA:466,0
DA:467,0
DA:468,0
DA:470,0
DA:471,0
DA:472,0
DA:473,0
DA:475,0
DA:476,0
DA:477,0
DA:478,0
DA:479,0
DA:480,0
DA:481,0
DA:483,0
LF:417
LH:0
BRDA:1,0,0,0
BRF:1
BRH:0
end_of_record
TN:
SF:src/components/shared/ConfirmDeleteDialog.tsx
FN:10,ConfirmDeleteDialog
FN:17,onKey
FN:70,onClick
FNF:3
FNH:3
FNDA:14,ConfirmDeleteDialog
FNDA:4,onKey
FNDA:5,onClick
DA:1,1
DA:2,1
DA:10,14
DA:11,14
DA:12,14
DA:14,14
DA:15,14
DA:17,14
DA:18,4
DA:19,4
DA:22,4
DA:23,1
DA:24,1
DA:25,1
DA:26,1
DA:27,1
DA:28,1
DA:29,1
DA:30,1
DA:31,1
DA:32,0
DA:33,1
DA:34,1
DA:35,1
DA:36,1
DA:37,4
DA:39,14
DA:40,14
DA:41,14
DA:43,14
DA:44,14
DA:46,14
DA:47,14
DA:48,14
DA:49,14
DA:51,14
DA:52,14
DA:53,14
DA:54,14
DA:55,14
DA:56,14
DA:57,14
DA:58,14
DA:59,14
DA:60,14
DA:61,14
DA:62,14
DA:63,14
DA:64,14
DA:65,14
DA:66,14
DA:67,14
DA:68,14
DA:69,14
DA:70,14
DA:72,14
DA:73,14
DA:74,14
DA:75,14
DA:76,14
DA:77,14
DA:78,14
DA:79,14
DA:80,14
DA:81,14
DA:83,14
DA:84,14
DA:85,14
DA:86,14
DA:87,14
DA:88,14
DA:90,14
DA:91,14
DA:92,14
DA:93,14
DA:94,14
DA:95,14
DA:96,14
DA:97,14
DA:98,14
DA:99,14
DA:101,14
DA:102,14
DA:103,14
DA:104,14
DA:105,14
DA:106,14
DA:107,14
DA:108,14
DA:109,14
DA:110,14
DA:111,14
DA:113,14
DA:114,14
DA:115,14
DA:116,14
DA:118,14
LF:97
LH:96
BRDA:10,0,0,14
BRDA:14,1,0,14
BRDA:17,2,0,4
BRDA:18,3,0,1
BRDA:18,4,0,3
BRDA:19,5,0,1
BRDA:19,6,0,2
BRDA:22,7,0,1
BRDA:22,8,0,1
BRDA:28,9,0,0
BRDA:31,10,0,0
BRDA:27,11,0,2
BRDA:40,12,0,14
BRDA:70,13,0,5
BRF:14
BRH:12
end_of_record
TN:
SF:src/components/shared/DialogShell.tsx
FN:12,DialogShell
FN:27,onKeyDown
FN:41,onClick
FNF:3
FNH:3
FNDA:7,DialogShell
FNDA:3,onKeyDown
FNDA:1,onClick
DA:1,1
DA:2,1
DA:12,7
DA:13,7
DA:14,7
DA:16,7
DA:17,3
DA:18,3
DA:19,3
DA:20,3
DA:21,3
DA:22,7
DA:24,7
DA:25,7
DA:26,7
DA:27,7
DA:29,7
DA:30,7
DA:31,7
DA:32,7
DA:33,7
DA:34,7
DA:35,7
DA:40,7
DA:41,7
DA:43,7
DA:44,7
DA:45,7
DA:47,7
LF:29
LH:29
BRDA:12,0,0,7
BRDA:14,1,0,0
BRDA:16,2,0,3
BRDA:20,3,0,3
BRDA:27,4,0,3
BRDA:27,5,0,1
BRDA:41,6,0,1
BRF:7
BRH:6
end_of_record
TN:
SF:src/components/shared/ErrorBoundary.tsx
FN:26,<instance_members_initializer>
FN:27,ErrorBoundary
FN:32,getDerivedStateFromError
FN:36,componentDidCatch
FN:40,handleReset
FN:45,render
FNF:6
FNH:6
[...]
DA:328,280
DA:329,280
DA:330,280
DA:331,280
DA:332,280
DA:334,280
DA:335,280
DA:336,280
DA:337,280
DA:338,280
DA:339,280
DA:340,280
DA:342,4
DA:343,50
DA:344,50
DA:345,50
DA:346,50
DA:347,50
DA:348,50
DA:349,50
DA:350,50
DA:351,50
DA:352,50
DA:353,50
DA:354,50
DA:355,50
DA:356,50
DA:357,50
DA:358,50
DA:360,4
DA:361,6
DA:362,6
DA:363,6
DA:364,6
DA:365,6
DA:366,6
DA:367,4
DA:368,6
DA:372,4
DA:374,4
DA:375,7
DA:376,7
DA:377,7
DA:381,7
DA:382,6
DA:383,6
DA:384,6
DA:385,6
DA:386,6
DA:387,6
DA:388,6
DA:389,7
DA:391,4
DA:392,10
DA:393,10
DA:395,10
DA:396,10
DA:397,1
DA:398,1
DA:399,1
DA:401,9
DA:402,9
DA:403,9
DA:404,9
DA:405,9
DA:406,10
DA:408,4
DA:409,2
DA:410,2
DA:411,2
DA:413,2
DA:414,2
DA:418,2
DA:419,2
DA:421,2
DA:422,2
DA:423,2
DA:424,2
DA:425,2
DA:426,2
DA:427,0
DA:428,0
DA:429,2
DA:431,4
DA:433,4
DA:434,2
DA:435,2
DA:436,1
DA:437,1
DA:438,1
DA:439,1
DA:440,1
DA:441,2
DA:443,4
DA:445,4
DA:446,4
DA:447,2
DA:448,2
DA:449,2
DA:450,2
DA:451,2
DA:452,2
DA:453,2
DA:454,2
DA:455,2
DA:456,4
DA:462,4
DA:463,4
DA:464,4
DA:465,4
DA:469,4
DA:470,14
DA:471,14
DA:472,14
DA:473,14
DA:474,14
DA:475,14
DA:476,14
DA:478,14
DA:479,4
DA:480,1
DA:481,1
DA:482,4
DA:483,14
DA:484,14
DA:485,14
DA:486,14
DA:487,14
DA:489,4
DA:490,17
DA:491,17
DA:492,17
DA:493,17
DA:494,17
DA:495,17
DA:496,17
DA:498,17
DA:499,2
DA:500,1
DA:501,1
DA:502,2
DA:503,17
DA:504,17
DA:505,17
DA:506,17
DA:507,17
DA:508,17
DA:510,4
DA:511,53
DA:512,53
DA:513,53
DA:514,53
DA:515,53
DA:516,53
DA:517,53
DA:518,53
DA:519,53
DA:520,53
DA:522,53
DA:523,12
DA:524,5
DA:525,5
DA:526,12
DA:527,53
DA:528,53
DA:529,53
DA:530,53
DA:531,53
DA:532,53
DA:534,4
DA:535,15
DA:536,15
DA:537,15
DA:538,15
DA:539,15
DA:540,16
DA:541,16
DA:542,15
DA:543,15
DA:544,15
DA:546,15
DA:547,6
DA:548,2
DA:549,2
DA:550,6
DA:551,15
DA:552,15
DA:553,16
DA:554,0
DA:555,15
DA:556,15
DA:557,15
DA:558,15
DA:560,4
DA:561,22
DA:562,22
DA:563,22
DA:564,17
DA:565,22
DA:567,4
DA:568,5
DA:570,5
DA:571,5
DA:572,4
DA:573,5
DA:575,4
DA:576,4
DA:577,4
DA:578,4
DA:579,3
DA:580,4
DA:582,4
DA:584,5
DA:585,5
DA:587,4
DA:588,23
DA:589,22
DA:590,22
DA:591,22
DA:592,22
DA:596,22
DA:597,22
DA:598,22
DA:599,22
DA:600,11
DA:601,4
DA:602,4
DA:603,4
DA:604,11
DA:605,11
DA:606,2
DA:607,2
DA:608,2
DA:609,2
DA:610,0
DA:611,0
DA:612,0
DA:613,0
DA:614,2
DA:615,11
DA:616,22
DA:619,22
DA:621,22
DA:622,22
DA:623,22
DA:624,11
DA:625,2
DA:626,0
DA:627,0
DA:628,11
DA:629,11
DA:630,22
DA:631,22
DA:632,22
DA:633,22
DA:634,22
DA:635,22
DA:636,11
DA:637,11
DA:638,22
DA:640,22
DA:641,22
DA:642,22
DA:643,22
DA:644,22
DA:645,22
DA:647,22
DA:648,22
DA:649,22
DA:650,22
DA:651,4
DA:652,4
DA:653,22
DA:656,22
DA:657,22
DA:658,22
DA:659,22
DA:660,22
DA:661,22
DA:662,22
DA:663,22
DA:664,22
DA:665,22
DA:666,22
DA:667,22
DA:668,22
DA:669,22
DA:670,23
DA:671,23
DA:673,4
DA:674,19
DA:675,19
DA:676,19
DA:677,19
DA:678,19
DA:679,19
DA:680,19
DA:681,19
DA:684,19
DA:686,19
DA:687,22
DA:688,22
DA:690,21
DA:691,22
DA:692,22
DA:693,22
DA:696,22
DA:698,22
DA:699,11
DA:700,11
DA:701,11
DA:702,11
DA:703,11
DA:704,11
DA:705,22
DA:706,6
DA:707,1
DA:708,1
DA:709,1
DA:710,6
DA:711,6
DA:712,6
DA:713,6
DA:714,6
DA:715,6
DA:716,6
DA:717,6
DA:718,10
DA:719,3
DA:720,3
DA:721,3
DA:722,3
DA:723,3
DA:724,3
DA:725,3
DA:726,3
DA:727,3
DA:728,3
DA:729,4
DA:730,1
DA:731,1
DA:732,1
DA:733,1
DA:734,1
DA:735,1
DA:736,1
DA:737,1
DA:738,1
DA:739,1
DA:740,1
DA:741,1
DA:742,0
DA:743,1
DA:745,21
DA:746,21
DA:747,21
DA:749,21
DA:752,22
DA:753,17
DA:754,20
DA:755,3
DA:756,3
DA:757,20
DA:758,22
DA:760,3
DA:761,3
DA:762,3
DA:763,3
DA:764,3
DA:765,5
DA:766,2
DA:767,2
DA:768,5
DA:769,3
DA:770,4
DA:771,1
DA:772,1
DA:773,1
DA:774,1
DA:775,1
DA:776,0
DA:777,0
DA:778,1
DA:779,1
DA:780,1
DA:781,2
DA:782,1
DA:783,1
DA:784,2
DA:785,1
DA:786,1
DA:787,22
DA:791,19
DA:792,5
DA:793,5
DA:794,5
DA:795,2
DA:796,2
DA:797,2
DA:798,2
DA:799,2
DA:800,2
DA:801,2
DA:805,2
DA:806,3
DA:807,3
DA:808,3
DA:809,3
DA:810,3
DA:811,3
DA:812,3
DA:813,2
DA:814,5
DA:816,19
DA:817,18
DA:818,18
DA:819,18
DA:820,18
DA:821,18
DA:822,18
DA:823,18
DA:824,19
DA:825,19
DA:826,18
DA:827,18
DA:828,18
DA:829,19
DA:830,19
DA:834,4
DA:835,26
DA:836,26
DA:837,26
DA:838,26
DA:839,26
DA:840,26
DA:841,26
DA:842,26
DA:843,26
DA:844,26
DA:846,4
DA:847,4
DA:848,4
DA:849,4
DA:850,4
DA:851,4
DA:852,4
DA:853,4
DA:854,4
DA:855,3
DA:856,4
DA:858,4
DA:859,4
DA:860,4
DA:861,4
DA:862,3
DA:863,4
DA:864,4
DA:868,4
DA:869,61
DA:870,61
DA:871,61
DA:872,61
DA:873,61
DA:874,61
DA:875,61
DA:876,59
DA:877,59
DA:878,59
DA:879,59
DA:880,59
DA:881,59
DA:882,59
DA:883,59
DA:884,59
DA:885,59
DA:886,59
DA:890,61
DA:891,5
DA:892,5
DA:893,5
DA:894,5
DA:895,5
DA:896,3
DA:897,3
DA:898,3
DA:899,3
DA:900,3
DA:901,5
DA:903,61
DA:904,18
DA:905,18
DA:906,11
DA:907,11
DA:908,11
DA:909,11
DA:910,18
DA:911,59
DA:912,61
DA:913,61
DA:914,61
DA:916,4
DA:917,27
DA:918,27
DA:919,27
DA:920,27
DA:925,27
DA:926,27
DA:927,27
DA:928,27
DA:929,27
DA:930,27
DA:931,27
DA:933,3
DA:934,3
DA:935,3
DA:936,27
DA:937,24
DA:938,27
DA:940,4
DA:941,9
DA:942,9
DA:943,9
DA:944,9
DA:945,9
DA:946,9
DA:947,9
DA:948,5
DA:949,5
DA:954,9
DA:955,1
DA:956,1
DA:957,1
DA:958,1
DA:959,1
DA:960,1
DA:961,1
DA:962,1
DA:963,1
DA:964,1
DA:965,1
DA:968,5
DA:969,4
DA:970,4
DA:971,4
DA:972,4
DA:973,1
DA:974,4
DA:975,2
DA:976,2
DA:977,5
DA:978,5
DA:979,9
DA:981,4
DA:982,7
DA:983,7
DA:984,7
DA:985,6
DA:987,6
DA:988,2
DA:989,6
DA:990,6
DA:991,6
DA:992,6
DA:993,7
DA:994,7
DA:995,7
DA:999,4
DA:1000,169
DA:1001,169
DA:1002,169
DA:1003,169
DA:1006,169
DA:1007,169
DA:1009,89
DA:1010,89
DA:1011,169
DA:1013,21
DA:1014,21
DA:1015,21
DA:1016,0
DA:1017,0
DA:1018,0
DA:1019,21
DA:1020,21
DA:1021,21
DA:1022,21
DA:1023,23
DA:1024,23
DA:1025,80
DA:1027,38
DA:1028,38
DA:1029,38
DA:1030,38
DA:1032,38
DA:1033,38
DA:1034,38
DA:1035,3
DA:1036,3
DA:1037,3
DA:1038,38
DA:1039,36
DA:1040,36
DA:1041,38
DA:1042,45
DA:1045,45
DA:1046,17
DA:1047,17
DA:1048,45
DA:1049,59
DA:1051,21
DA:1052,21
DA:1053,21
DA:1054,21
DA:1056,21
DA:1057,21
DA:1058,21
DA:1059,19
DA:1060,19
DA:1061,19
DA:1062,21
DA:1063,19
DA:1064,19
DA:1065,21
DA:1066,28
DA:1067,28
DA:1068,31
DA:1070,25
DA:1071,31
DA:1072,28
DA:1073,21
DA:1076,169
DA:1077,169
DA:1078,169
DA:1079,169
DA:1081,169
DA:1082,169
DA:1083,169
DA:1084,169
DA:1085,169
DA:1086,169
DA:1087,169
DA:1088,169
DA:1089,169
DA:1090,169
DA:1091,169
DA:1092,169
DA:1093,169
DA:1094,169
DA:1095,169
DA:1096,169
DA:1097,169
DA:1098,169
DA:1099,169
DA:1100,169
DA:1102,4
DA:1103,7
DA:1104,7
DA:1106,7
DA:1107,7
DA:1108,10
DA:1109,10
DA:1110,6
DA:1111,6
DA:1112,6
DA:1113,6
DA:1114,10
DA:1115,7
DA:1116,7
DA:1118,7
DA:1120,7
DA:1121,7
DA:1122,7
DA:1123,7
DA:1124,7
DA:1125,7
DA:1126,7
DA:1127,7
DA:1128,7
DA:1130,4
DA:1131,5
DA:1132,5
DA:1133,5
DA:1134,5
DA:1135,8
DA:1136,8
DA:1137,4
DA:1138,3
DA:1139,3
DA:1140,3
DA:1141,3
DA:1142,8
DA:1143,5
DA:1144,3
DA:1145,5
DA:1147,4
DA:1148,11
DA:1149,11
DA:1150,11
DA:1151,11
DA:1152,11
DA:1153,11
DA:1154,19
DA:1155,19
DA:1156,10
DA:1157,10
DA:1158,10
DA:1159,10
DA:1160,10
DA:1161,10
DA:1162,10
DA:1163,10
DA:1164,10
DA:1165,19
DA:1166,11
DA:1167,10
DA:1168,11
DA:1169,11
DA:1170,11
DA:1172,4
DA:1173,4
DA:1175,4
DA:1176,4
DA:1177,4
DA:1178,4
DA:1179,4
DA:1180,4
DA:1181,4
DA:1182,4
DA:1183,7
DA:1184,4
DA:1185,4
DA:1186,4
DA:1187,4
DA:1189,4
DA:1190,4
DA:1192,4
DA:1193,1
DA:1194,1
DA:1195,1
DA:1196,1
DA:1197,1
DA:1198,1
DA:1199,1
DA:1200,1
DA:1201,1
DA:1202,1
DA:1203,2
DA:1204,2
DA:1205,1
DA:1206,1
DA:1207,1
DA:1208,1
DA:1209,1
DA:1210,1
DA:1212,4
DA:1213,0
DA:1214,0
DA:1215,0
DA:1216,0
DA:1217,0
DA:1218,0
DA:1219,0
DA:1220,0
DA:1221,0
DA:1222,0
DA:1225,0
DA:1226,0
DA:1227,0
DA:1228,0
DA:1229,0
DA:1230,0
DA:1231,0
DA:1232,0
DA:1233,0
DA:1234,0
DA:1235,0
DA:1236,0
DA:1240,4
DA:1241,42
DA:1242,42
DA:1243,41
DA:1244,41
DA:1245,41
DA:1247,42
DA:1248,42
DA:1250,42
DA:1251,42
DA:1252,42
DA:1253,42
DA:1254,42
DA:1256,4
DA:1257,7
DA:1258,7
DA:1259,6
DA:1260,6
DA:1261,6
DA:1263,7
DA:1264,7
DA:1266,7
DA:1267,7
DA:1268,7
DA:1269,7
DA:1270,7
DA:1272,4
DA:1273,4
DA:1277,4
DA:1278,47
DA:1279,47
DA:1280,47
DA:1281,47
DA:1282,47
DA:1283,47
DA:1284,43
DA:1286,43
DA:1287,4
DA:1288,4
DA:1289,4
DA:1290,43
DA:1291,47
DA:1293,4
DA:1294,4
DA:1297,4
DA:1298,4
DA:1299,2
DA:1300,2
DA:1301,2
DA:1302,1
DA:1303,2
DA:1304,1
DA:1305,1
DA:1306,1
DA:1307,2
DA:1308,4
DA:1309,47
DA:1310,47
DA:1312,4
DA:1313,5
DA:1314,5
DA:1315,5
DA:1316,5
DA:1317,5
DA:1319,5
DA:1320,10
DA:1321,10
DA:1322,10
DA:1323,10
DA:1324,5
DA:1325,5
DA:1327,4
DA:1328,3
DA:1329,3
DA:1330,3
DA:1331,3
DA:1333,3
DA:1334,6
DA:1335,6
DA:1336,6
DA:1337,6
DA:1339,3
DA:1340,1
DA:1341,1
DA:1342,3
DA:1343,3
DA:1347,4
DA:1348,4
DA:1349,0
DA:1350,0
DA:1351,0
DA:1352,0
DA:1353,4
DA:1354,4
DA:1355,0
DA:1356,0
DA:1357,0
DA:1358,0
DA:1359,4
DA:1360,4
DA:1361,0
DA:1362,0
DA:1363,0
DA:1364,0
DA:1365,4
DA:1366,4
DA:1367,0
DA:1368,0
DA:1369,0
DA:1370,0
DA:1371,4
DA:1372,1
DA:1373,1
DA:1374,1
DA:1375,1
DA:1376,1
DA:1377,4
DA:1378,13
DA:1379,13
DA:1380,13
DA:1381,13
DA:1382,13
DA:1384,4
DA:1385,4
DA:1386,4
DA:1387,4
DA:1388,3
DA:1389,13
DA:1390,9
DA:1391,9
DA:1392,12
DA:1393,13
DA:1394,4
DA:1396,4
DA:1397,4
DA:1398,4
DA:1399,4
DA:1400,3
DA:1401,3
DA:1402,4
DA:1403,4
DA:1404,12
DA:1405,12
DA:1406,12
DA:1407,12
DA:1409,9
DA:1410,9
DA:1411,3
DA:1412,3
DA:1413,12
DA:1414,12
DA:1415,8
DA:1416,12
DA:1417,8
DA:1418,12
DA:1419,8
DA:1420,12
DA:1421,8
DA:1422,12
DA:1423,8
DA:1424,8
DA:1425,8
DA:1426,8
DA:1427,8
DA:1428,12
DA:1430,4
DA:1431,12
DA:1432,12
DA:1434,9
DA:1435,9
DA:1436,1
DA:1437,1
DA:1438,12
DA:1439,12
DA:1440,8
DA:1441,12
DA:1442,8
DA:1443,8
DA:1444,8
DA:1445,8
DA:1446,8
DA:1447,8
DA:1448,8
DA:1449,8
DA:1450,8
DA:1451,12
DA:1453,4
DA:1454,4
DA:1455,4
DA:1459,4
DA:1460,4
DA:1464,4
DA:1465,4
DA:1466,4
DA:1467,4
DA:1468,4
DA:1469,4
DA:1470,4
DA:1471,4
DA:1472,4
DA:1473,4
DA:1474,4
DA:1475,4
DA:1476,4
DA:1477,4
DA:1478,4
DA:1479,4
DA:1480,4
DA:1481,1
LF:1064
LH:1011
BRDA:248,0,0,563
BRDA:249,1,0,0
BRDA:263,2,0,590
BRDA:267,3,0,4
BRDA:290,4,0,4
BRDA:294,5,0,1
BRDA:306,6,0,4
BRDA:311,7,0,113
BRDA:311,8,0,113
BRDA:312,9,0,112
BRDA:312,10,0,1
BRDA:317,11,0,280
BRDA:342,12,0,50
BRDA:360,13,0,6
BRDA:360,14,0,6
BRDA:362,15,0,0
BRDA:364,16,0,3
BRDA:364,17,0,2
BRDA:365,18,0,3
BRDA:365,19,0,2
BRDA:366,20,0,2
BRDA:366,21,0,4
BRDA:372,22,0,41
BRDA:374,23,0,7
BRDA:374,24,0,7
BRDA:375,25,0,0
BRDA:377,26,0,1
BRDA:377,27,0,6
BRDA:381,28,0,0
BRDA:381,29,0,6
BRDA:391,30,0,10
BRDA:393,31,0,0
BRDA:396,32,0,1
BRDA:396,33,0,1
BRDA:399,34,0,9
BRDA:402,35,0,0
BRDA:402,36,0,9
BRDA:408,37,0,2
BRDA:411,38,0,0
BRDA:413,39,0,1
BRDA:413,40,0,1
BRDA:426,41,0,0
BRDA:422,42,0,2
BRDA:431,43,0,1
BRDA:433,44,0,2
BRDA:435,45,0,1
BRDA:445,46,0,4
BRDA:445,47,0,4
BRDA:446,48,0,2
BRDA:462,49,0,9
BRDA:462,50,0,9
BRDA:462,51,0,0
BRDA:463,52,0,6
BRDA:463,53,0,6
BRDA:463,54,0,0
BRDA:464,55,0,9
BRDA:464,56,0,9
BRDA:464,57,0,0
BRDA:465,58,0,4
BRDA:469,59,0,14
BRDA:471,60,0,14
BRDA:473,61,0,0
BRDA:474,62,0,13
BRDA:478,63,0,4
BRDA:479,64,0,1
BRDA:479,65,0,1
BRDA:479,66,0,2
BRDA:489,67,0,17
BRDA:491,68,0,17
BRDA:493,69,0,0
BRDA:494,70,0,16
BRDA:498,71,0,2
BRDA:499,72,0,1
BRDA:499,73,0,1
BRDA:499,74,0,2
BRDA:510,75,0,53
BRDA:512,76,0,53
BRDA:514,77,0,0
BRDA:516,78,0,0
BRDA:517,79,0,3
BRDA:517,80,0,50
BRDA:522,81,0,12
BRDA:523,82,0,11
BRDA:523,83,0,5
BRDA:515,84,0,57
BRDA:534,85,0,15
BRDA:536,86,0,15
BRDA:538,87,0,0
BRDA:539,88,0,16
BRDA:541,89,0,15
BRDA:546,90,0,6
BRDA:547,91,0,5
BRDA:547,92,0,2
BRDA:553,93,0,0
BRDA:540,94,0,15
BRDA:560,95,0,22
BRDA:560,96,0,22
BRDA:562,97,0,0
BRDA:563,98,0,5
BRDA:563,99,0,17
BRDA:567,100,0,5
BRDA:567,101,0,5
BRDA:568,102,0,0
BRDA:571,103,0,1
BRDA:571,104,0,4
BRDA:575,105,0,4
BRDA:575,106,0,4
BRDA:577,107,0,0
BRDA:578,108,0,1
BRDA:578,109,0,3
BRDA:582,110,0,5
BRDA:587,111,0,23
BRDA:588,112,0,1
BRDA:588,113,0,22
BRDA:670,114,0,19
BRDA:670,115,0,3
BRDA:589,116,0,22
BRDA:591,117,0,0
BRDA:599,118,0,11
BRDA:600,119,0,4
BRDA:602,120,0,1
BRDA:605,121,0,2
BRDA:608,122,0,1
BRDA:609,123,0,0
BRDA:656,124,0,8
BRDA:656,125,0,14
BRDA:657,126,0,1
BRDA:657,127,0,21
BRDA:621,128,0,23
BRDA:622,129,0,22
BRDA:623,130,0,11
BRDA:624,131,0,2
BRDA:625,132,0,0
BRDA:632,133,0,5
BRDA:632,134,0,3
BRDA:635,135,0,11
BRDA:636,136,0,10
BRDA:641,137,0,2
BRDA:644,138,0,3
BRDA:648,139,0,3
BRDA:648,140,0,2
BRDA:650,141,0,4
BRDA:652,142,0,7
BRDA:658,143,0,1
BRDA:673,144,0,19
BRDA:825,145,0,18
BRDA:826,146,0,15
BRDA:826,147,0,3
BRDA:675,148,0,19
BRDA:677,149,0,0
BRDA:679,150,0,0
BRDA:681,151,0,0
BRDA:686,152,0,22
BRDA:688,153,0,1
BRDA:688,154,0,21
BRDA:691,155,0,5
BRDA:691,156,0,20
BRDA:692,157,0,5
BRDA:692,158,0,20
BRDA:698,159,0,11
BRDA:705,160,0,10
BRDA:705,161,0,6
BRDA:718,162,0,4
BRDA:718,163,0,3
BRDA:729,164,0,1
BRDA:741,165,0,0
BRDA:743,166,0,21
BRDA:745,167,0,0
BRDA:745,168,0,21
BRDA:752,169,0,10
BRDA:752,170,0,17
BRDA:753,171,0,20
BRDA:754,172,0,3
BRDA:754,173,0,3
BRDA:758,174,0,4
BRDA:758,175,0,3
BRDA:764,176,0,5
BRDA:765,177,0,4
BRDA:765,178,0,2
BRDA:765,179,0,2
BRDA:770,180,0,1
BRDA:780,181,0,2
BRDA:781,182,0,1
BRDA:781,183,0,1
BRDA:791,184,0,5
BRDA:794,185,0,3
BRDA:794,186,0,2
BRDA:805,187,0,3
BRDA:816,188,0,1
BRDA:816,189,0,18
BRDA:690,190,0,13
BRDA:706,191,0,1
BRDA:719,192,0,3
BRDA:719,193,0,3
BRDA:725,194,0,2
BRDA:732,195,0,1
BRDA:754,196,0,1
BRDA:760,197,0,3
BRDA:761,198,0,6
BRDA:765,199,0,2
BRDA:771,200,0,1
BRDA:775,201,0,0
BRDA:774,202,0,2
BRDA:781,203,0,1
BRDA:806,204,0,6
BRDA:834,205,0,26
BRDA:836,206,0,26
BRDA:838,207,0,0
BRDA:846,208,0,4
BRDA:846,209,0,4
BRDA:848,210,0,0
BRDA:850,211,0,0
BRDA:852,212,0,3
BRDA:852,213,0,2
BRDA:853,214,0,1
BRDA:854,215,0,1
BRDA:854,216,0,3
BRDA:849,217,0,4
BRDA:858,218,0,4
BRDA:858,219,0,4
BRDA:860,220,0,0
BRDA:861,221,0,1
BRDA:861,222,0,3
BRDA:863,223,0,1
BRDA:863,224,0,2
BRDA:861,225,0,3
BRDA:862,226,0,3
BRDA:868,227,0,61
BRDA:913,228,0,59
BRDA:913,229,0,2
BRDA:871,230,0,61
BRDA:873,231,0,0
BRDA:874,232,0,1
BRDA:874,233,0,60
BRDA:875,234,0,1
BRDA:875,235,0,59
BRDA:890,236,0,5
BRDA:891,237,0,0
BRDA:895,238,0,4
BRDA:895,239,0,3
BRDA:896,240,0,1
BRDA:896,241,0,2
BRDA:901,242,0,59
BRDA:903,243,0,18
BRDA:905,244,0,11
BRDA:905,245,0,11
BRDA:910,246,0,59
BRDA:897,247,0,3
BRDA:904,248,0,27
BRDA:916,249,0,27
BRDA:916,250,0,27
BRDA:918,251,0,0
BRDA:920,252,0,0
BRDA:926,253,0,7
BRDA:926,254,0,5
BRDA:927,255,0,6
BRDA:927,256,0,5
BRDA:928,257,0,5
BRDA:928,258,0,5
BRDA:929,259,0,6
BRDA:929,260,0,6
BRDA:930,261,0,3
BRDA:930,262,0,3
BRDA:931,263,0,3
BRDA:933,264,0,1
BRDA:934,265,0,2
BRDA:936,266,0,3
BRDA:936,267,0,24
BRDA:919,268,0,27
BRDA:933,269,0,1
BRDA:940,270,0,9
BRDA:940,271,0,9
BRDA:942,272,0,0
BRDA:944,273,0,1
BRDA:944,274,0,8
BRDA:945,275,0,7
BRDA:945,276,0,1
BRDA:945,277,0,7
BRDA:946,278,0,1
BRDA:946,279,0,6
BRDA:947,280,0,1
BRDA:947,281,0,5
BRDA:954,282,0,1
BRDA:955,283,0,0
BRDA:960,284,0,0
BRDA:965,285,0,5
BRDA:943,286,0,8
BRDA:961,287,0,1
BRDA:968,288,0,4
BRDA:972,289,0,1
BRDA:972,290,0,1
BRDA:974,291,0,3
BRDA:974,292,0,2
BRDA:969,293,0,9
BRDA:970,294,0,1
BRDA:973,295,0,1
BRDA:981,296,0,7
BRDA:981,297,0,7
BRDA:983,298,0,0
BRDA:984,299,0,1
BRDA:984,300,0,6
BRDA:993,301,0,5
BRDA:993,302,0,1
BRDA:984,303,0,6
BRDA:985,304,0,7
BRDA:987,305,0,2
BRDA:988,306,0,2
BRDA:999,307,0,169
BRDA:1001,308,0,169
BRDA:1003,309,0,0
BRDA:1007,310,0,89
BRDA:1009,311,0,91
BRDA:1011,312,0,80
BRDA:1011,313,0,21
BRDA:1011,314,0,21
BRDA:1015,315,0,0
BRDA:1020,316,0,0
BRDA:1022,317,0,23
BRDA:1023,318,0,2
BRDA:1023,319,0,0
BRDA:1025,320,0,59
BRDA:1025,321,0,38
BRDA:1025,322,0,38
BRDA:1029,323,0,14
BRDA:1034,324,0,3
BRDA:1036,325,0,1
BRDA:1038,326,0,36
BRDA:1039,327,0,0
BRDA:1041,328,0,45
BRDA:1042,329,0,7
BRDA:1042,330,0,0
BRDA:1045,331,0,17
BRDA:1046,332,0,4
BRDA:1049,333,0,21
BRDA:1053,334,0,8
BRDA:1058,335,0,19
BRDA:1059,336,0,13
BRDA:1060,337,0,6
BRDA:1062,338,0,19
BRDA:1063,339,0,6
BRDA:1065,340,0,28
BRDA:1066,341,0,6
BRDA:1067,342,0,31
BRDA:1068,343,0,10
BRDA:1068,344,0,6
BRDA:1068,345,0,25
BRDA:1070,346,0,4
BRDA:1070,347,0,1
BRDA:1084,348,0,3
BRDA:1088,349,0,148
BRDA:1088,350,0,59
BRDA:1088,351,0,110
BRDA:1089,352,0,21
BRDA:1089,353,0,148
BRDA:1092,354,0,89
BRDA:1093,355,0,21
BRDA:1094,356,0,38
BRDA:1095,357,0,21
BRDA:1027,358,0,40
BRDA:1032,359,0,14
BRDA:1051,360,0,28
BRDA:1051,361,0,23
BRDA:1056,362,0,8
BRDA:1070,363,0,1
BRDA:1076,364,0,246
BRDA:1078,365,0,26
BRDA:1079,366,0,25
BRDA:1102,367,0,7
BRDA:1102,368,0,7
BRDA:1104,369,0,0
BRDA:1107,370,0,10
BRDA:1109,371,0,6
BRDA:1115,372,0,1
BRDA:1115,373,0,6
BRDA:1116,374,0,4
BRDA:1116,375,0,2
BRDA:1126,376,0,4
BRDA:1126,377,0,2
BRDA:1108,378,0,9
BRDA:1118,379,0,1
BRDA:1130,380,0,5
BRDA:1130,381,0,5
BRDA:1132,382,0,0
BRDA:1134,383,0,8
BRDA:1136,384,0,4
BRDA:1137,385,0,1
BRDA:1137,386,0,3
BRDA:1142,387,0,4
BRDA:1143,388,0,1
BRDA:1143,389,0,3
BRDA:1135,390,0,5
BRDA:1147,391,0,11
BRDA:1149,392,0,11
BRDA:1151,393,0,0
BRDA:1153,394,0,19
BRDA:1155,395,0,10
BRDA:1159,396,0,0
BRDA:1166,397,0,1
BRDA:1166,398,0,10
BRDA:1154,399,0,11
BRDA:1172,400,0,4
BRDA:1172,401,0,4
BRDA:1173,402,0,0
BRDA:1179,403,0,0
BRDA:1178,404,0,4
BRDA:1182,405,0,7
BRDA:1183,406,0,4
BRDA:1183,407,0,3
BRDA:1192,408,0,1
BRDA:1192,409,0,1
BRDA:1193,410,0,0
BRDA:1199,411,0,0
BRDA:1194,412,0,2
BRDA:1198,413,0,1
BRDA:1202,414,0,2
BRDA:1204,415,0,0
BRDA:1240,416,0,42
BRDA:1241,417,0,42
BRDA:1242,418,0,41
BRDA:1242,419,0,1
BRDA:1242,420,0,41
BRDA:1247,421,0,11
BRDA:1247,422,0,30
BRDA:1248,423,0,5
BRDA:1248,424,0,36
BRDA:1250,425,0,1
BRDA:1256,426,0,7
BRDA:1257,427,0,7
BRDA:1258,428,0,6
BRDA:1258,429,0,1
BRDA:1258,430,0,6
BRDA:1263,431,0,0
BRDA:1263,432,0,6
BRDA:1264,433,0,0
BRDA:1264,434,0,6
BRDA:1266,435,0,1
BRDA:1272,436,0,3
BRDA:1273,437,0,2
BRDA:1277,438,0,47
BRDA:1277,439,0,47
BRDA:1279,440,0,0
BRDA:1281,441,0,0
BRDA:1283,442,0,43
BRDA:1291,443,0,4
BRDA:1298,444,0,2
BRDA:1299,445,0,0
BRDA:1301,446,0,1
BRDA:1302,447,0,0
BRDA:1303,448,0,1
BRDA:1282,449,0,49
BRDA:1286,450,0,4
BRDA:1288,451,0,0
BRDA:1289,452,0,1
BRDA:1287,453,0,4
BRDA:1293,454,0,4
BRDA:1312,455,0,5
BRDA:1312,456,0,5
BRDA:1314,457,0,0
BRDA:1316,458,0,0
BRDA:1319,459,0,10
BRDA:1327,460,0,3
BRDA:1327,461,0,3
BRDA:1329,462,0,0
BRDA:1331,463,0,0
BRDA:1333,464,0,6
BRDA:1339,465,0,1
BRDA:1347,466,0,7
BRDA:1353,467,0,5
BRDA:1359,468,0,1
BRDA:1365,469,0,1
BRDA:1371,470,0,1
BRDA:1377,471,0,13
BRDA:1377,472,0,13
BRDA:1379,473,0,0
BRDA:1382,474,0,4
BRDA:1387,475,0,1
BRDA:1387,476,0,3
BRDA:1389,477,0,9
BRDA:1391,478,0,12
BRDA:1381,479,0,4
BRDA:1386,480,0,8
BRDA:1386,481,0,4
BRDA:1394,482,0,4
BRDA:1394,483,0,4
BRDA:1397,484,0,0
BRDA:1399,485,0,1
BRDA:1399,486,0,3
BRDA:1398,487,0,3
BRDA:1400,488,0,3
BRDA:1403,489,0,12
BRDA:1403,490,0,12
BRDA:1404,491,0,1
BRDA:1404,492,0,11
BRDA:1405,493,0,1
BRDA:1405,494,0,10
BRDA:1406,495,0,1
BRDA:1406,496,0,9
BRDA:1407,497,0,0
BRDA:1407,498,0,9
BRDA:1410,499,0,3
BRDA:1411,500,0,3
BRDA:1413,501,0,3
BRDA:1413,502,0,9
BRDA:1414,503,0,1
BRDA:1414,504,0,8
BRDA:1416,505,0,0
BRDA:1416,506,0,8
BRDA:1418,507,0,6
BRDA:1418,508,0,8
BRDA:1420,509,0,6
BRDA:1420,510,0,8
BRDA:1422,511,0,6
BRDA:1422,512,0,8
BRDA:1410,513,0,7
BRDA:1411,514,0,1
BRDA:1412,515,0,1
BRDA:1413,516,0,8
BRDA:1413,517,0,2
BRDA:1417,518,0,20
BRDA:1417,519,0,50
BRDA:1417,520,0,10
BRDA:1417,521,0,40
BRDA:1418,522,0,12
BRDA:1418,523,0,6
BRDA:1418,524,0,6
BRDA:1419,525,0,6
BRDA:1421,526,0,6
BRDA:1426,527,0,1
BRDA:1426,528,0,0
BRDA:1430,529,0,12
BRDA:1430,530,0,12
BRDA:1431,531,0,3
BRDA:1431,532,0,9
BRDA:1432,533,0,0
BRDA:1432,534,0,9
BRDA:1435,535,0,1
BRDA:1436,536,0,1
BRDA:1438,537,0,1
BRDA:1438,538,0,9
BRDA:1439,539,0,1
BRDA:1439,540,0,8
BRDA:1441,541,0,0
BRDA:1441,542,0,8
BRDA:1435,543,0,9
BRDA:1436,544,0,1
BRDA:1437,545,0,1
BRDA:1438,546,0,2
BRDA:1438,547,0,0
BRDA:1442,548,0,19
BRDA:1442,549,0,48
BRDA:1443,550,0,16
BRDA:1444,551,0,8
BRDA:1445,552,0,8
BRDA:1449,553,0,1
BRDA:1453,554,0,1
BRDA:1453,555,0,1
BRDA:1454,556,0,1
BRDA:1454,557,0,1
BRDA:1455,558,0,3
BRDA:1459,559,0,1
BRDA:1460,560,0,1
BRDA:1460,561,0,1
BRDA:1464,562,0,1
BRDA:1464,563,0,1
BRDA:1465,564,0,1
BRDA:1465,565,0,1
BRDA:1468,566,0,2
BRDA:1469,567,0,1
BRDA:1470,568,0,1
BRDA:1471,569,0,2
BRDA:1478,570,0,5
BRDA:1479,571,0,1
BRDA:1480,572,0,2
BRF:573
BRH:498
end_of_record
TN:
SF:src/types/model.ts
FN:1,(empty-report)
FNF:1
FNH:1
FNDA:1,(empty-report)
LF:0
LH:0
BRDA:1,0,0,1
BRF:1
BRH:1
end_of_record
